#
# A fatal error has been detected by the Java Runtime Environment:
#
#  Internal Error (jvmciRuntime.cpp:1609), pid=6443, tid=6457
#  fatal error: Fatal exception in JVMCI: Error calling jdk.vm.ci.services.Services.serializeSavedProperties
#
# JRE version: OpenJDK Runtime Environment GraalVM CE 22.3.0 (17.0.5+8) (build 17.0.5+8-jvmci-22.3-b08)
# Java VM: OpenJDK 64-Bit Server VM GraalVM CE 22.3.0 (17.0.5+8-jvmci-22.3-b08, mixed mode, sharing, tiered, jvmci, jvmci compiler, compressed oops, compressed class ptrs, parallel gc, linux-amd64)
# Problematic frame:
# V  [libjvm.so+0x972714]  JVMCIRuntime::fatal_exception(JVMCIEnv*, char const*)+0x74
#
# Core dump will be written. Default location: Core dumps may be processed with "/usr/share/apport/apport -p%p -s%s -c%c -d%d -P%P -u%u -g%g -- %E" (or dumping to /home/runner/Nesne-dersi/core.6443)
#
# If you would like to submit a bug report, please visit:
#   https://github.com/oracle/graal/issues
#

---------------  S U M M A R Y ------------

Command Line: -XX:ThreadPriorityPolicy=1 -XX:+UnlockExperimentalVMOptions -XX:+EnableJVMCIProduct -XX:JVMCIThreadsPerNativeLibraryRuntime=1 -XX:-UnlockExperimentalVMOptions -Declipse.application=org.eclipse.jdt.ls.core.id1 -Dosgi.bundles.defaultStartLevel=4 -Declipse.product=org.eclipse.jdt.ls.core.product -Dlog.level=ALL -Xverify:none -XX:+UseParallelGC -XX:GCTimeRatio=4 -XX:AdaptiveSizePolicyWeight=90 -Dsun.zip.disableMemoryMapping=true -Xmx512m -Xms100m /nix/store/a7s9klvriqi68xz3qjc0qyfl5h86xc16-jdt-language-server-1.9.0/share/java/plugins/org.eclipse.equinox.launcher_1.6.400.v20210924-0641.jar --add-modules=ALL-SYSTEM --add-opens java.base/java.util=ALL-UNNAMED --add-opens java.base/java.lang=ALL-UNNAMED -configuration /home/runner/.cache/jdt-language-server/config -data /home/runner/.cache/jdt-language-server/data/home/runner/Nesne-dersi

Host: Intel(R) Xeon(R) CPU @ 2.20GHz, 4 cores, 1G, Ubuntu 20.04.2 LTS
Time: Mon Oct 30 21:10:04 2023 UTC elapsed time: 348.679897 seconds (0d 0h 5m 48s)

---------------  T H R E A D  ---------------

Current thread (0x00007f9dd80b1c10):  JavaThread "JVMCI-native CompilerThread0" daemon [_thread_in_vm, id=6457, stack(0x00007f9dbcf1a000,0x00007f9dbd11a000)]


Current CompileTask:
JVMCI-native: 348682 13083       4       org.eclipse.core.runtime.SubMonitor::isCanceled (20 bytes)

Stack: [0x00007f9dbcf1a000,0x00007f9dbd11a000],  sp=0x00007f9dbd118380,  free space=2040k
Native frames: (J=compiled Java code, j=interpreted, Vv=VM code, C=native code)
V  [libjvm.so+0x972714]  JVMCIRuntime::fatal_exception(JVMCIEnv*, char const*)+0x74
V  [libjvm.so+0x93e2fe]  JVMCIEnv::copy_saved_properties()+0x14e
V  [libjvm.so+0x9732a9]  JVMCIRuntime::initialize(JVMCIEnv*)+0xb19
V  [libjvm.so+0x9738a2]  JVMCIRuntime::get_HotSpotJVMCIRuntime(JVMCIEnv*)+0x12
V  [libjvm.so+0x9749f2]  JVMCIRuntime::compile_method(JVMCIEnv*, JVMCICompiler*, methodHandle const&, int)+0xd2
V  [libjvm.so+0x5b0d20]  CompileBroker::invoke_compiler_on_method(CompileTask*)+0x1470
V  [libjvm.so+0x5b12e8]  CompileBroker::compiler_thread_loop()+0x528
V  [libjvm.so+0xd82460]  JavaThread::thread_main_inner()+0xd0
V  [libjvm.so+0xd85a40]  Thread::call_run()+0xc0
V  [libjvm.so+0xbdb1e1]  thread_native_entry(Thread*)+0xe1

Register to memory mapping:

RAX=0x00007f9ddcbd8000 points into unknown readable memory: 0x0000000000000058 | 58 00 00 00 00 00 00 00
RBX=0x00007f9dddcd3398: <offset 0x0000000000ef5398> in /nix/store/gpxl5qgg8kicmcvivwmybwjlpf7wh20l-graalvm17-ce-22.3.0/lib/server/libjvm.so at 0x00007f9ddcdde000
RCX=0x00007f9dddc8b1e8: <offset 0x0000000000ead1e8> in /nix/store/gpxl5qgg8kicmcvivwmybwjlpf7wh20l-graalvm17-ce-22.3.0/lib/server/libjvm.so at 0x00007f9ddcdde000
RDX=0x0000000000000649 is an unknown value
RSP=0x00007f9dbd118380 is pointing into the stack for thread: 0x00007f9dd80b1c10
RBP=0x00007f9dbd1183a0 is pointing into the stack for thread: 0x00007f9dd80b1c10
RSI=0x00007f9dddcd3c48: <offset 0x0000000000ef5c48> in /nix/store/gpxl5qgg8kicmcvivwmybwjlpf7wh20l-graalvm17-ce-22.3.0/lib/server/libjvm.so at 0x00007f9ddcdde000
RDI=0x00000000e0000000 is an oop: [B 
{0x00000000e0000000} - klass: {type array byte}
 - length: 54
R8 =0x00007f9dddcd3398: <offset 0x0000000000ef5398> in /nix/store/gpxl5qgg8kicmcvivwmybwjlpf7wh20l-graalvm17-ce-22.3.0/lib/server/libjvm.so at 0x00007f9ddcdde000
R9 =0x0000000000000003 is an unknown value
R10=0x00007f9dde024da0: <offset 0x0000000001246da0> in /nix/store/gpxl5qgg8kicmcvivwmybwjlpf7wh20l-graalvm17-ce-22.3.0/lib/server/libjvm.so at 0x00007f9ddcdde000
R11=0x000000080044f048 is pointing into metadata
R12=0x0 is NULL
R13=0x00007f9dd80b1c10 is a thread
R14=0x00007f9dd8000b80 points into unknown readable memory: 0x00007f9dddf04a38 | 38 4a f0 dd 9d 7f 00 00
R15=0x00007f9dde012e40: <offset 0x0000000001234e40> in /nix/store/gpxl5qgg8kicmcvivwmybwjlpf7wh20l-graalvm17-ce-22.3.0/lib/server/libjvm.so at 0x00007f9ddcdde000


Registers:
RAX=0x00007f9ddcbd8000, RBX=0x00007f9dddcd3398, RCX=0x00007f9dddc8b1e8, RDX=0x0000000000000649
RSP=0x00007f9dbd118380, RBP=0x00007f9dbd1183a0, RSI=0x00007f9dddcd3c48, RDI=0x00000000e0000000
R8 =0x00007f9dddcd3398, R9 =0x0000000000000003, R10=0x00007f9dde024da0, R11=0x000000080044f048
R12=0x0000000000000000, R13=0x00007f9dd80b1c10, R14=0x00007f9dd8000b80, R15=0x00007f9dde012e40
RIP=0x00007f9ddd750714, EFLAGS=0x0000000000010206, CSGSFS=0x002b000000000033, ERR=0x0000000000000006
  TRAPNO=0x000000000000000e

Top of Stack: (sp=0x00007f9dbd118380)
0x00007f9dbd118380:   00007f9dbd118940 00007f9dd80b1c10
0x00007f9dbd118390:   00007f9ddc576b70 0000000800c4a548
0x00007f9dbd1183a0:   00007f9dbd118500 00007f9ddd71c2fe
0x00007f9dbd1183b0:   00007f9dbd1183e0 00007f9dbd118440 

Instructions: (pc=0x00007f9ddd750714)
0x00007f9ddd750614:   30 e8 f6 cf e8 ff 4c 89 e7 e8 2e 48 d1 ff 84 db
0x00007f9ddd750624:   75 2a 4d 85 ed 74 04 4d 8b 6d 00 48 83 c4 08 44
0x00007f9ddd750634:   89 f9 4c 89 f2 4c 89 ee 5b 4c 89 e7 41 5c 41 5d
0x00007f9ddd750644:   41 5e 41 5f 5d e9 e2 47 d1 ff 66 90 48 83 c4 08
0x00007f9ddd750654:   5b 41 5c 41 5d 41 5e 41 5f 5d c3 90 31 d2 be 08
0x00007f9ddd750664:   00 00 00 4c 89 ff e8 b1 78 a3 ff 49 89 c5 e9 37
0x00007f9ddd750674:   ff ff ff 66 0f 1f 84 00 00 00 00 00 48 8b 7a 08
0x00007f9ddd750684:   e9 6d ff ff ff 0f 1f 80 00 00 00 00 e8 5b 48 0a
0x00007f9ddd750694:   00 84 c0 75 89 e9 6a ff ff ff 66 90 55 48 89 e5
0x00007f9ddd7506a4:   41 56 41 55 41 54 49 89 fc 53 48 89 f3 66 48 8d
0x00007f9ddd7506b4:   3d 27 5e 85 00 66 66 48 e8 df 43 8d ff 4c 8b 28
0x00007f9ddd7506c4:   8b 05 be 72 8a 00 85 c0 75 14 ba 01 00 00 00 48
0x00007f9ddd7506d4:   8d 0d ae 72 8a 00 f0 0f b1 11 85 c0 74 4e be c8
0x00007f9ddd7506e4:   00 00 00 4c 89 ef e8 01 0b 41 00 48 8d 05 12 ac
0x00007f9ddd7506f4:   85 00 49 89 d8 48 8d 0d e8 aa 53 00 ba 49 06 00
0x00007f9ddd750704:   00 48 8d 35 3c 35 58 00 bf 00 00 00 e0 48 8b 00
0x00007f9ddd750714:   c6 00 58 31 c0 e8 e2 91 c6 ff 5b 41 5c 41 5d 41
0x00007f9ddd750724:   5e 5d e9 55 34 26 00 0f 1f 44 00 00 48 8d 05 81
0x00007f9ddd750734:   a3 8b 00 48 89 df 4c 8b 30 e8 9e 43 8d ff 48 89
0x00007f9ddd750744:   de 48 89 c2 49 8b 06 4c 89 f7 ff 50 08 4c 89 f7
0x00007f9ddd750754:   e8 a7 5c 27 00 4d 85 e4 74 12 be 01 00 00 00 4c
0x00007f9ddd750764:   89 e7 e8 35 43 fc ff eb 82 0f 1f 00 be 01 00 00
0x00007f9ddd750774:   00 4c 89 ef e8 d3 fd ff ff e9 6d ff ff ff 66 66
0x00007f9ddd750784:   2e 0f 1f 84 00 00 00 00 00 0f 1f 00 55 48 89 e5
0x00007f9ddd750794:   41 57 41 56 41 55 41 54 53 48 81 ec 08 02 00 00
0x00007f9ddd7507a4:   64 48 8b 04 25 28 00 00 00 48 89 45 c8 8b 07 83
0x00007f9ddd7507b4:   f8 02 0f 84 11 04 00 00 4c 8b 6f 18 49 89 ff 49
0x00007f9ddd7507c4:   89 f4 4d 85 ed 74 14 4c 89 ef e8 5d 57 22 00 41
0x00007f9ddd7507d4:   8b 07 83 f8 02 0f 84 19 04 00 00 48 8d 1d 9a 06
0x00007f9ddd7507e4:   8a 00 4c 8d 35 0b 3c 58 00 eb 38 90 48 85 d2 7f
0x00007f9ddd7507f4:   0d 48 8d 05 b4 c0 85 00 48 83 38 00 7e 0e 41 8b
0x00007f9ddd750804:   77 2c 4c 89 f7 31 c0 e8 a0 b2 f7 ff 49 8b 7f 18 


Stack slot to memory mapping:
stack at sp + 0 slots: 0x00007f9dbd118940 is pointing into the stack for thread: 0x00007f9dd80b1c10
stack at sp + 1 slots: 0x00007f9dd80b1c10 is a thread
stack at sp + 2 slots: 0x00007f9ddc576b70 points into unknown readable memory: 0x657300187df9ffff | ff ff f9 7d 18 00 73 65
stack at sp + 3 slots: 0x0000000800c4a548 is a pointer to class: 
jdk.vm.ci.services.Services {0x0000000800c4a548}
 - instance size:     2
 - klass size:        65
 - access:            public final synchronized 
 - state:             fully_initialized
 - name:              'jdk/vm/ci/services/Services'
 - super:             'java/lang/Object'
 - sub:               
 - arrays:            NULL
 - methods:           Array<T>(0x00007f9dbd88f578)
 - method ordering:   Array<T>(0x0000000800928960)
 - default_methods:   Array<T>(0x0000000000000000)
 - local interfaces:  Array<T>(0x00000008005ce810)
 - trans. interfaces: Array<T>(0x00000008005ce810)
 - constants:         constant pool [427] {0x00007f9dbd88e658} for 'jdk/vm/ci/services/Services' cache=0x00007f9dbd890848
 - class loader data:  loader data: 0x00007f9dd8027cc0 of 'bootstrap'
 - source file:       'Services.java'
 - class annotations:       Array<T>(0x0000000000000000)
 - class type annotations:  Array<T>(0x0000000000000000)
 - field annotations:       Array<T>(0x0000000000000000)
 - field type annotations:  Array<T>(0x0000000000000000)
 - inner classes:     Array<T>(0x00007f9dbd890818)
 - nest members:     Array<T>(0x00007f9dbd890838)
 - permitted subclasses:     Array<T>(0x00000008005ce7a0)
 - java mirror:       a 'java/lang/Class'{0x00000000e02b42d0} = 'jdk/vm/ci/services/Services'
 - vtable length      5  (start addr: 0x0000000800c4a718)
 - itable length      2 (start addr: 0x0000000800c4a740)
 - ---- static fields (3 words):
 - public static final 'IS_BUILDING_NATIVE_IMAGE' 'Z' @128 
 - public static final 'IS_IN_NATIVE_IMAGE' 'Z' @129 
 - private static volatile 'savedProperties' 'Ljava/util/Map;' @112 
 - static final 'JVMCI_ENABLED' 'Z' @130 
 - private static final 'servicesCache' 'Ljava/util/Map;' @116 
 - private static final 'MAX_UNICODE_IN_UTF8_LENGTH' 'I' @120 
 - private static final 'MAX_UTF8_PROPERTY_STRING_LENGTH' 'I' @124 
 - ---- non-static fields (0 words):
 - non-static oop maps: 
stack at sp + 4 slots: 0x00007f9dbd118500 is pointing into the stack for thread: 0x00007f9dd80b1c10
stack at sp + 5 slots: 0x00007f9ddd71c2fe: <offset 0x000000000093e2fe> in /nix/store/gpxl5qgg8kicmcvivwmybwjlpf7wh20l-graalvm17-ce-22.3.0/lib/server/libjvm.so at 0x00007f9ddcdde000
stack at sp + 6 slots: 0x00007f9dbd1183e0 is pointing into the stack for thread: 0x00007f9dd80b1c10
stack at sp + 7 slots: 0x00007f9dbd118440 is pointing into the stack for thread: 0x00007f9dd80b1c10


---------------  P R O C E S S  ---------------

Threads class SMR info:
_java_thread_list=0x00007f9d6412c7a0, length=26, elements={
0x00007f9dd8025f60, 0x00007f9dd80a5f00, 0x00007f9dd80a7340, 0x00007f9dd80ada80,
0x00007f9dd80aee30, 0x00007f9dd80b0220, 0x00007f9dd80b1c10, 0x00007f9dd80b3120,
0x00007f9dd80b4570, 0x00007f9dd80dfaf0, 0x00007f9dd8128080, 0x00007f9dd82d62b0,
0x00007f9dd8327b30, 0x00007f9dd8349810, 0x00007f9d6c02bb20, 0x00007f9d6c0d68b0,
0x00007f9d6c49cd40, 0x00007f9d60000ff0, 0x00007f9d6c65d880, 0x00007f9d6c717aa0,
0x00007f9dd8376fa0, 0x00007f9dd840a7d0, 0x0000561c1f39d9b0, 0x00007f9d68160f20,
0x00007f9d6815c9a0, 0x00007f9d64128570
}

Java Threads: ( => current thread )
  0x00007f9dd8025f60 JavaThread "main" [_thread_blocked, id=6449, stack(0x00007f9ddcbf9000,0x00007f9ddccf9000)]
  0x00007f9dd80a5f00 JavaThread "Reference Handler" daemon [_thread_blocked, id=6452, stack(0x00007f9dbe0af000,0x00007f9dbe1af000)]
  0x00007f9dd80a7340 JavaThread "Finalizer" daemon [_thread_blocked, id=6453, stack(0x00007f9dbd700000,0x00007f9dbd800000)]
  0x00007f9dd80ada80 JavaThread "Signal Dispatcher" daemon [_thread_blocked, id=6454, stack(0x00007f9dbd31a000,0x00007f9dbd41a000)]
  0x00007f9dd80aee30 JavaThread "Service Thread" daemon [_thread_blocked, id=6455, stack(0x00007f9dbd21a000,0x00007f9dbd31a000)]
  0x00007f9dd80b0220 JavaThread "Monitor Deflation Thread" daemon [_thread_blocked, id=6456, stack(0x00007f9dbd11a000,0x00007f9dbd21a000)]
=>0x00007f9dd80b1c10 JavaThread "JVMCI-native CompilerThread0" daemon [_thread_in_vm, id=6457, stack(0x00007f9dbcf1a000,0x00007f9dbd11a000)]
  0x00007f9dd80b3120 JavaThread "C1 CompilerThread0" daemon [_thread_blocked, id=6458, stack(0x00007f9dbcd1a000,0x00007f9dbcf1a000)]
  0x00007f9dd80b4570 JavaThread "Sweeper thread" daemon [_thread_blocked, id=6459, stack(0x00007f9dbcc1a000,0x00007f9dbcd1a000)]
  0x00007f9dd80dfaf0 JavaThread "Common-Cleaner" daemon [_thread_blocked, id=6460, stack(0x00007f9dbcb1a000,0x00007f9dbcc1a000)]
  0x00007f9dd8128080 JavaThread "Notification Thread" daemon [_thread_blocked, id=6461, stack(0x00007f9dbca1a000,0x00007f9dbcb1a000)]
  0x00007f9dd82d62b0 JavaThread "Active Thread: Equinox Container: 2e645af7-009a-4466-9f67-3ce1e37d7b3e" [_thread_blocked, id=6477, stack(0x00007f9dbc700000,0x00007f9dbc800000)]
  0x00007f9dd8327b30 JavaThread "Framework Event Dispatcher: Equinox Container: 2e645af7-009a-4466-9f67-3ce1e37d7b3e" daemon [_thread_blocked, id=6479, stack(0x00007f9dbc500000,0x00007f9dbc600000)]
  0x00007f9dd8349810 JavaThread "Start Level: Equinox Container: 2e645af7-009a-4466-9f67-3ce1e37d7b3e" daemon [_thread_blocked, id=6480, stack(0x00007f9dbc300000,0x00007f9dbc400000)]
  0x00007f9d6c02bb20 JavaThread "SCR Component Actor" daemon [_thread_blocked, id=6481, stack(0x00007f9dbc100000,0x00007f9dbc200000)]
  0x00007f9d6c0d68b0 JavaThread "Worker-JM" [_thread_blocked, id=6489, stack(0x00007f9d84700000,0x00007f9d84800000)]
  0x00007f9d6c49cd40 JavaThread "Worker-0: Java indexing... " [_thread_blocked, id=6495, stack(0x00007f9d84500000,0x00007f9d84600000)]
  0x00007f9d60000ff0 JavaThread "Worker-2" [_thread_blocked, id=6498, stack(0x00007f9d84100000,0x00007f9d84200000)]
  0x00007f9d6c65d880 JavaThread "Java indexing" daemon [_thread_blocked, id=6499, stack(0x00007f9d83f00000,0x00007f9d84000000)]
  0x00007f9d6c717aa0 JavaThread "Bundle File Closer" daemon [_thread_blocked, id=6504, stack(0x00007f9d84800000,0x00007f9d84900000)]
  0x00007f9dd8376fa0 JavaThread "pool-3-thread-1" [_thread_blocked, id=6508, stack(0x00007f9d84900000,0x00007f9d84a00000)]
  0x00007f9dd840a7d0 JavaThread "pool-2-thread-1" [_thread_blocked, id=6514, stack(0x00007f9d83d00000,0x00007f9d83e00000)]
  0x0000561c1f39d9b0 JavaThread "Worker-3" [_thread_blocked, id=6515, stack(0x00007f9d83b00000,0x00007f9d83c00000)]
  0x00007f9d68160f20 JavaThread "Thread-9" [_thread_blocked, id=6626, stack(0x00007f9d83300000,0x00007f9d83400000)]
  0x00007f9d6815c9a0 JavaThread "Thread-29" [_thread_blocked, id=6745, stack(0x00007f9dbc000000,0x00007f9dbc100000)]
  0x00007f9d64128570 JavaThread "Worker-6" [_thread_blocked, id=7295, stack(0x00007f9d83900000,0x00007f9d83a00000)]

Other Threads:
  0x00007f9dd80a1640 VMThread "VM Thread" [stack: 0x00007f9dbe1b1000,0x00007f9dbe2b1000] [id=6451] _threads_hazard_ptr=0x00007f9d6412c7a0
  0x00007f9dd8129e10 WatcherThread [stack: 0x00007f9dbc91a000,0x00007f9dbca1a000] [id=6462]
  0x00007f9dd803d860 GCTaskThread "GC Thread#0" [stack: 0x00007f9ddc7bc000,0x00007f9ddc8bc000] [id=6450]

Threads with active compile tasks:
JVMCI-native CompilerThread0   348760 13083       4       org.eclipse.core.runtime.SubMonitor::isCanceled (20 bytes)

VM state: synchronizing (normal execution)

VM Mutex/Monitor currently owned by a thread:  ([mutex/lock_event])
[0x00007f9dd8023110] Threads_lock - owner thread: 0x00007f9dd80a1640
[0x00007f9dd80238c0] Heap_lock - owner thread: 0x00007f9d6c65d880

OutOfMemory and StackOverflow Exception counts:
OutOfMemoryError java_heap_errors=2
LinkageErrors=59

Heap address: 0x00000000e0000000, size: 512 MB, Compressed Oops mode: 32-bit

CDS archive(s) mapped at: [0x0000000800000000-0x0000000800bc8000-0x0000000800bc8000), size 12353536, SharedBaseAddress: 0x0000000800000000, ArchiveRelocationMode: 0.
Compressed class space mapped at: 0x0000000800c00000-0x0000000840c00000, reserved size: 1073741824
Narrow klass base: 0x0000000800000000, Narrow klass shift: 0, Narrow klass range: 0x100000000

GC Precious Log:
 CPUs: 4 total, 1 available
 Memory: 1024M
 Large Page Support: Disabled
 NUMA Support: Disabled
 Compressed Oops: Enabled (32-bit)
 Alignments: Space 512K, Generation 512K, Heap 2M
 Heap Min Capacity: 100M
 Heap Initial Capacity: 100M
 Heap Max Capacity: 512M
 Pre-touch: Disabled
 Parallel Workers: 1

Heap:
 PSYoungGen      total 94208K, used 53759K [0x00000000f5580000, 0x00000000fe200000, 0x0000000100000000)
  eden space 53760K, 99% used [0x00000000f5580000,0x00000000f89ffff8,0x00000000f8a00000)
  from space 40448K, 0% used [0x00000000fba80000,0x00000000fba80000,0x00000000fe200000)
  to   space 24576K, 0% used [0x00000000f8a00000,0x00000000f8a00000,0x00000000fa200000)
 ParOldGen       total 349696K, used 349696K [0x00000000e0000000, 0x00000000f5580000, 0x00000000f5580000)
  object space 349696K, 100% used [0x00000000e0000000,0x00000000f5580000,0x00000000f5580000)
 Metaspace       used 60422K, committed 61632K, reserved 1105920K
  class space    used 5508K, committed 6016K, reserved 1048576K

Card table byte_map: [0x00007f9ddc8bc000,0x00007f9ddc9bd000] _byte_map_base: 0x00007f9ddc1bc000

Marking Bits: (ParMarkBitMap*) 0x00007f9dde00c4c0
 Begin Bits: [0x00007f9dbe4b3000, 0x00007f9dbecb3000)
 End Bits:   [0x00007f9dbecb3000, 0x00007f9dbf4b3000)

Polling page: 0x00007f9ddcbd6000

Metaspace:

Usage:
  Non-class:     53.63 MB used.
      Class:      5.38 MB used.
       Both:     59.01 MB used.

Virtual space:
  Non-class space:       56.00 MB reserved,      54.31 MB ( 97%) committed,  7 nodes.
      Class space:        1.00 GB reserved,       5.88 MB ( <1%) committed,  1 nodes.
             Both:        1.05 GB reserved,      60.19 MB (  6%) committed. 

Chunk freelists:
   Non-Class:  1.72 MB
       Class:  2.05 MB
        Both:  3.78 MB

MaxMetaspaceSize: unlimited
CompressedClassSpaceSize: 1.00 GB
Initial GC threshold: 21.00 MB
Current GC threshold: 100.12 MB
CDS: on
MetaspaceReclaimPolicy: balanced
 - commit_granule_bytes: 65536.
 - commit_granule_words: 8192.
 - virtual_space_node_default_size: 1048576.
 - enlarge_chunks_in_place: 1.
 - new_chunks_are_fully_committed: 0.
 - uncommit_free_chunks: 1.
 - use_allocation_guard: 0.
 - handle_deallocations: 1.


Internal statistics:

num_allocs_failed_limit: 6.
num_arena_births: 490.
num_arena_deaths: 142.
num_vsnodes_births: 8.
num_vsnodes_deaths: 0.
num_space_committed: 959.
num_space_uncommitted: 0.
num_chunks_returned_to_freelist: 198.
num_chunks_taken_from_freelist: 3082.
num_chunk_merges: 83.
num_chunk_splits: 1967.
num_chunks_enlarged: 1165.
num_purges: 10.
num_inconsistent_stats: 0.

CodeHeap 'non-profiled nmethods': size=120036Kb used=3034Kb max_used=3034Kb free=117001Kb
 bounds [0x00007f9dc6f7a000, 0x00007f9dc727a000, 0x00007f9dce4b3000]
CodeHeap 'profiled nmethods': size=120032Kb used=21558Kb max_used=22854Kb free=98473Kb
 bounds [0x00007f9dbfa42000, 0x00007f9dc10b2000, 0x00007f9dc6f7a000]
CodeHeap 'non-nmethods': size=5692Kb used=1353Kb max_used=1372Kb free=4338Kb
 bounds [0x00007f9dbf4b3000, 0x00007f9dbf723000, 0x00007f9dbfa42000]
 total_blobs=9476 nmethods=8796 adapters=592
 compilation: enabled
              stopped_count=0, restarted_count=0
 full_count=0

JVMCI Events (20 events):
Event: 144.846 Thread 0x00007f9dd80b1c10 compacted oop handles in JVMCI runtime 0 from 104 to 102
Event: 144.853 Thread 0x00007f9dd80b1c10 compacted oop handles in JVMCI runtime 0 from 111 to 108
Event: 144.941 Thread 0x00007f9dd80b1c10 compacted oop handles in JVMCI runtime 0 from 119 to 117
Event: 149.052 Thread 0x00007f9dd80b1c10 compacted oop handles in JVMCI runtime 0 from 264 to 219
Event: 149.052 Thread 0x00007f9dd80b1c10 compacted oop handles in JVMCI runtime 0 from 220 to 183
Event: 149.061 Thread 0x00007f9dd80b1c10 compacted oop handles in JVMCI runtime 0 from 185 to 184
Event: 149.374 Thread 0x00007f9dd80b1c10 compacted oop handles in JVMCI runtime 0 from 301 to 280
Event: 149.374 Thread 0x00007f9dd80b1c10 compacted oop handles in JVMCI runtime 0 from 281 to 191
Event: 149.449 Thread 0x00007f9dd80b1c10 compacted oop handles in JVMCI runtime 0 from 199 to 197
Event: 153.877 Thread 0x00007f9dd80b1c10 detaching from JVMCI runtime 0: releasing idle compiler thread (0 other threads still attached)
Event: 153.877 Thread 0x00007f9dd80b1c10 shutting down HotSpotJVMCIRuntime for JVMCI runtime 0
Event: 153.877 Thread 0x00007f9dd80b1c10 shut down JVMCI runtime 0
Event: 153.945 Thread 0x00007f9dd80b1c10 destroyed JavaVM[1]@0x00007f9d8569e340 for JVMCI runtime 0
Event: 153.945 Thread 0x00007f9dd80b1c10 compacted oop handles in JVMCI runtime 0 from 199 to 199
Event: 153.945 Thread 0x00007f9dd80b1c10 releasing handles for JVMCI runtime 0: oop handles=199, metadata handles={total=1344, live=1299, blocks=42}
Event: 153.945 Thread 0x00007f9dd80b1c10 detached from JVMCI runtime 0
Event: 311.359 Thread 0x00007f9dd80b1c10 attached to JVMCI runtime 0
Event: 311.363 Thread 0x00007f9dd80b1c10 created JavaVM[2]@0x00007f9d82d9e340 for JVMCI runtime 0
Event: 311.363 Thread 0x00007f9dd80b1c10 initializing JVMCI runtime 0
Event: 311.363 Thread 0x00007f9dd80b1c10 done waiting for JavaVM references initialization in JVMCI runtime 0

Compilation events (20 events):
Event: 144.854 Thread 0x00007f9dd80b1c10 nmethod 12978 0x00007f9dc7268f10 code [0x00007f9dc7269080, 0x00007f9dc72690f8]
Event: 144.854 Thread 0x00007f9dd80b1c10 12967       4       java.nio.ByteBuffer::<init> (14 bytes)
Event: 144.941 Thread 0x00007f9dd80b1c10 nmethod 12967 0x00007f9dc7269210 code [0x00007f9dc7269400, 0x00007f9dc7269660]
Event: 144.941 Thread 0x00007f9dd80b1c10 12965   !   4       org.eclipse.jdt.internal.core.search.indexing.AddJrtToIndex$JrtIndexer::visitFile (153 bytes)
Event: 149.052 Thread 0x00007f9dd80b1c10 nmethod 12965 0x00007f9dc7269990 code [0x00007f9dc7269d00, 0x00007f9dc726c240]
Event: 149.052 Thread 0x00007f9dd80b1c10 12964       4       org.eclipse.jdt.internal.core.search.indexing.AddJrtToIndex$JrtTraverser::visitFile (14 bytes)
Event: 149.061 Thread 0x00007f9dd80b1c10 nmethod 12964 0x00007f9dc726e190 code [0x00007f9dc726e320, 0x00007f9dc726e400]
Event: 149.061 Thread 0x00007f9dd80b1c10 12968       4       org.eclipse.jdt.internal.compiler.util.JrtFileSystem$$Lambda$215/0x0000000800f68000::apply (8 bytes)
Event: 149.374 Thread 0x00007f9dd80b1c10 nmethod 12968 0x00007f9dc726e590 code [0x00007f9dc726e720, 0x00007f9dc726e870]
Event: 149.374 Thread 0x00007f9dd80b1c10 12953       4       org.eclipse.jdt.core.Signature::toCharArray (83 bytes)
Event: 149.449 Thread 0x00007f9dd80b1c10 nmethod 12953 0x00007f9dc726ee90 code [0x00007f9dc726f0c0, 0x00007f9dc726fc00]
Event: 149.449 Thread 0x00007f9dd80b1c10 13063       4       org.eclipse.jdt.core.dom.ASTNode::getRoot (18 bytes)
Event: 149.454 Thread 0x00007f9dd80b1c10 nmethod 13063 0x00007f9dc7270290 code [0x00007f9dc7270400, 0x00007f9dc7270498]
Event: 253.066 Thread 0x00007f9dd80b3120 13081       1       java.util.concurrent.atomic.AtomicInteger::get (5 bytes)
Event: 255.857 Thread 0x00007f9dd80b3120 nmethod 13081 0x00007f9dc7270590 code [0x00007f9dc7270720, 0x00007f9dc72707f0]
Event: 281.236 Thread 0x00007f9dd80b3120 13082       3       org.eclipse.jdt.ls.core.internal.handlers.ProgressReporterManager$ProgressReporter::subTask (40 bytes)
Event: 281.238 Thread 0x00007f9dd80b3120 nmethod 13082 0x00007f9dc0943a90 code [0x00007f9dc0943c60, 0x00007f9dc0943f90]
Event: 311.359 Thread 0x00007f9dd80b1c10 13083       4       org.eclipse.core.runtime.SubMonitor::isCanceled (20 bytes)
Event: 339.887 Thread 0x00007f9dd80b3120 13084       3       java.util.concurrent.locks.AbstractQueuedSynchronizer$Node::<init> (5 bytes)
Event: 342.369 Thread 0x00007f9dd80b3120 nmethod 13084 0x00007f9dc063f910 code [0x00007f9dc063fac0, 0x00007f9dc063fc10]

GC Heap History (20 events):
Event: 319.779 GC heap before
{Heap before GC invocations=173 (full 65):
 PSYoungGen      total 94208K, used 53760K [0x00000000f5580000, 0x00000000fe200000, 0x0000000100000000)
  eden space 53760K, 100% used [0x00000000f5580000,0x00000000f8a00000,0x00000000f8a00000)
  from space 40448K, 0% used [0x00000000fba80000,0x00000000fba80000,0x00000000fe200000)
  to   space 24576K, 0% used [0x00000000f8a00000,0x00000000f8a00000,0x00000000fa200000)
 ParOldGen       total 349696K, used 349689K [0x00000000e0000000, 0x00000000f5580000, 0x00000000f5580000)
  object space 349696K, 99% used [0x00000000e0000000,0x00000000f557e760,0x00000000f5580000)
 Metaspace       used 60421K, committed 61632K, reserved 1105920K
  class space    used 5508K, committed 6016K, reserved 1048576K
}
Event: 322.435 GC heap after
{Heap after GC invocations=173 (full 65):
 PSYoungGen      total 78336K, used 53759K [0x00000000f5580000, 0x00000000fe200000, 0x0000000100000000)
  eden space 53760K, 99% used [0x00000000f5580000,0x00000000f89fff50,0x00000000f8a00000)
  from space 24576K, 0% used [0x00000000f8a00000,0x00000000f8a00000,0x00000000fa200000)
  to   space 40448K, 0% used [0x00000000fba80000,0x00000000fba80000,0x00000000fe200000)
 ParOldGen       total 349696K, used 349689K [0x00000000e0000000, 0x00000000f5580000, 0x00000000f5580000)
  object space 349696K, 99% used [0x00000000e0000000,0x00000000f557e760,0x00000000f5580000)
 Metaspace       used 60421K, committed 61632K, reserved 1105920K
  class space    used 5508K, committed 6016K, reserved 1048576K
}
Event: 322.438 GC heap before
{Heap before GC invocations=174 (full 66):
 PSYoungGen      total 78336K, used 53759K [0x00000000f5580000, 0x00000000fe200000, 0x0000000100000000)
  eden space 53760K, 99% used [0x00000000f5580000,0x00000000f89fffe0,0x00000000f8a00000)
  from space 24576K, 0% used [0x00000000f8a00000,0x00000000f8a00000,0x00000000fa200000)
  to   space 40448K, 0% used [0x00000000fba80000,0x00000000fba80000,0x00000000fe200000)
 ParOldGen       total 349696K, used 349689K [0x00000000e0000000, 0x00000000f5580000, 0x00000000f5580000)
  object space 349696K, 99% used [0x00000000e0000000,0x00000000f557e760,0x00000000f5580000)
 Metaspace       used 60421K, committed 61632K, reserved 1105920K
  class space    used 5508K, committed 6016K, reserved 1048576K
}
Event: 325.699 GC heap after
{Heap after GC invocations=174 (full 66):
 PSYoungGen      total 94208K, used 53759K [0x00000000f5580000, 0x00000000fe200000, 0x0000000100000000)
  eden space 53760K, 99% used [0x00000000f5580000,0x00000000f89fffe0,0x00000000f8a00000)
  from space 40448K, 0% used [0x00000000fba80000,0x00000000fba80000,0x00000000fe200000)
  to   space 24576K, 0% used [0x00000000f8a00000,0x00000000f8a00000,0x00000000fa200000)
 ParOldGen       total 349696K, used 349689K [0x00000000e0000000, 0x00000000f5580000, 0x00000000f5580000)
  object space 349696K, 99% used [0x00000000e0000000,0x00000000f557e760,0x00000000f5580000)
 Metaspace       used 60421K, committed 61632K, reserved 1105920K
  class space    used 5508K, committed 6016K, reserved 1048576K
}
Event: 325.705 GC heap before
{Heap before GC invocations=175 (full 67):
 PSYoungGen      total 94208K, used 53760K [0x00000000f5580000, 0x00000000fe200000, 0x0000000100000000)
  eden space 53760K, 100% used [0x00000000f5580000,0x00000000f8a00000,0x00000000f8a00000)
  from space 40448K, 0% used [0x00000000fba80000,0x00000000fba80000,0x00000000fe200000)
  to   space 24576K, 0% used [0x00000000f8a00000,0x00000000f8a00000,0x00000000fa200000)
 ParOldGen       total 349696K, used 349692K [0x00000000e0000000, 0x00000000f5580000, 0x00000000f5580000)
  object space 349696K, 99% used [0x00000000e0000000,0x00000000f557f370,0x00000000f5580000)
 Metaspace       used 60421K, committed 61632K, reserved 1105920K
  class space    used 5508K, committed 6016K, reserved 1048576K
}
Event: 328.479 GC heap after
{Heap after GC invocations=175 (full 67):
 PSYoungGen      total 78336K, used 53759K [0x00000000f5580000, 0x00000000fe200000, 0x0000000100000000)
  eden space 53760K, 99% used [0x00000000f5580000,0x00000000f89ffde0,0x00000000f8a00000)
  from space 24576K, 0% used [0x00000000f8a00000,0x00000000f8a00000,0x00000000fa200000)
  to   space 40448K, 0% used [0x00000000fba80000,0x00000000fba80000,0x00000000fe200000)
 ParOldGen       total 349696K, used 349690K [0x00000000e0000000, 0x00000000f5580000, 0x00000000f5580000)
  object space 349696K, 99% used [0x00000000e0000000,0x00000000f557eb80,0x00000000f5580000)
 Metaspace       used 60421K, committed 61632K, reserved 1105920K
  class space    used 5508K, committed 6016K, reserved 1048576K
}
Event: 328.480 GC heap before
{Heap before GC invocations=176 (full 68):
 PSYoungGen      total 78336K, used 53759K [0x00000000f5580000, 0x00000000fe200000, 0x0000000100000000)
  eden space 53760K, 99% used [0x00000000f5580000,0x00000000f89ffff8,0x00000000f8a00000)
  from space 24576K, 0% used [0x00000000f8a00000,0x00000000f8a00000,0x00000000fa200000)
  to   space 40448K, 0% used [0x00000000fba80000,0x00000000fba80000,0x00000000fe200000)
 ParOldGen       total 349696K, used 349690K [0x00000000e0000000, 0x00000000f5580000, 0x00000000f5580000)
  object space 349696K, 99% used [0x00000000e0000000,0x00000000f557eb80,0x00000000f5580000)
 Metaspace       used 60421K, committed 61632K, reserved 1105920K
  class space    used 5508K, committed 6016K, reserved 1048576K
}
Event: 331.349 GC heap after
{Heap after GC invocations=176 (full 68):
 PSYoungGen      total 94208K, used 53759K [0x00000000f5580000, 0x00000000fe200000, 0x0000000100000000)
  eden space 53760K, 99% used [0x00000000f5580000,0x00000000f89fff10,0x00000000f8a00000)
  from space 40448K, 0% used [0x00000000fba80000,0x00000000fba80000,0x00000000fe200000)
  to   space 24576K, 0% used [0x00000000f8a00000,0x00000000f8a00000,0x00000000fa200000)
 ParOldGen       total 349696K, used 349690K [0x00000000e0000000, 0x00000000f5580000, 0x00000000f5580000)
  object space 349696K, 99% used [0x00000000e0000000,0x00000000f557eb80,0x00000000f5580000)
 Metaspace       used 60421K, committed 61632K, reserved 1105920K
  class space    used 5508K, committed 6016K, reserved 1048576K
}
Event: 331.350 GC heap before
{Heap before GC invocations=177 (full 69):
 PSYoungGen      total 94208K, used 53759K [0x00000000f5580000, 0x00000000fe200000, 0x0000000100000000)
  eden space 53760K, 99% used [0x00000000f5580000,0x00000000f89ffff0,0x00000000f8a00000)
  from space 40448K, 0% used [0x00000000fba80000,0x00000000fba80000,0x00000000fe200000)
  to   space 24576K, 0% used [0x00000000f8a00000,0x00000000f8a00000,0x00000000fa200000)
 ParOldGen       total 349696K, used 349690K [0x00000000e0000000, 0x00000000f5580000, 0x00000000f5580000)
  object space 349696K, 99% used [0x00000000e0000000,0x00000000f557eb80,0x00000000f5580000)
 Metaspace       used 60421K, committed 61632K, reserved 1105920K
  class space    used 5508K, committed 6016K, reserved 1048576K
}
Event: 334.359 GC heap after
{Heap after GC invocations=177 (full 69):
 PSYoungGen      total 78336K, used 53759K [0x00000000f5580000, 0x00000000fe200000, 0x0000000100000000)
  eden space 53760K, 99% used [0x00000000f5580000,0x00000000f89fffc0,0x00000000f8a00000)
  from space 24576K, 0% used [0x00000000f8a00000,0x00000000f8a00000,0x00000000fa200000)
  to   space 40448K, 0% used [0x00000000fba80000,0x00000000fba80000,0x00000000fe200000)
 ParOldGen       total 349696K, used 349690K [0x00000000e0000000, 0x00000000f5580000, 0x00000000f5580000)
  object space 349696K, 99% used [0x00000000e0000000,0x00000000f557eb80,0x00000000f5580000)
 Metaspace       used 60421K, committed 61632K, reserved 1105920K
  class space    used 5508K, committed 6016K, reserved 1048576K
}
Event: 334.360 GC heap before
{Heap before GC invocations=178 (full 70):
 PSYoungGen      total 78336K, used 53759K [0x00000000f5580000, 0x00000000fe200000, 0x0000000100000000)
  eden space 53760K, 99% used [0x00000000f5580000,0x00000000f89ffff0,0x00000000f8a00000)
  from space 24576K, 0% used [0x00000000f8a00000,0x00000000f8a00000,0x00000000fa200000)
  to   space 40448K, 0% used [0x00000000fba80000,0x00000000fba80000,0x00000000fe200000)
 ParOldGen       total 349696K, used 349690K [0x00000000e0000000, 0x00000000f5580000, 0x00000000f5580000)
  object space 349696K, 99% used [0x00000000e0000000,0x00000000f557eb80,0x00000000f5580000)
 Metaspace       used 60421K, committed 61632K, reserved 1105920K
  class space    used 5508K, committed 6016K, reserved 1048576K
}
Event: 337.039 GC heap after
{Heap after GC invocations=178 (full 70):
 PSYoungGen      total 94208K, used 53759K [0x00000000f5580000, 0x00000000fe200000, 0x0000000100000000)
  eden space 53760K, 99% used [0x00000000f5580000,0x00000000f89ffff0,0x00000000f8a00000)
  from space 40448K, 0% used [0x00000000fba80000,0x00000000fba80000,0x00000000fe200000)
  to   space 24576K, 0% used [0x00000000f8a00000,0x00000000f8a00000,0x00000000fa200000)
 ParOldGen       total 349696K, used 349690K [0x00000000e0000000, 0x00000000f5580000, 0x00000000f5580000)
  object space 349696K, 99% used [0x00000000e0000000,0x00000000f557eb80,0x00000000f5580000)
 Metaspace       used 60421K, committed 61632K, reserved 1105920K
  class space    used 5508K, committed 6016K, reserved 1048576K
}
Event: 337.039 GC heap before
{Heap before GC invocations=179 (full 71):
 PSYoungGen      total 94208K, used 53760K [0x00000000f5580000, 0x00000000fe200000, 0x0000000100000000)
  eden space 53760K, 100% used [0x00000000f5580000,0x00000000f8a00000,0x00000000f8a00000)
  from space 40448K, 0% used [0x00000000fba80000,0x00000000fba80000,0x00000000fe200000)
  to   space 24576K, 0% used [0x00000000f8a00000,0x00000000f8a00000,0x00000000fa200000)
 ParOldGen       total 349696K, used 349692K [0x00000000e0000000, 0x00000000f5580000, 0x00000000f5580000)
  object space 349696K, 99% used [0x00000000e0000000,0x00000000f557f3d8,0x00000000f5580000)
 Metaspace       used 60421K, committed 61632K, reserved 1105920K
  class space    used 5508K, committed 6016K, reserved 1048576K
}
Event: 339.886 GC heap after
{Heap after GC invocations=179 (full 71):
 PSYoungGen      total 78336K, used 53759K [0x00000000f5580000, 0x00000000fe200000, 0x0000000100000000)
  eden space 53760K, 99% used [0x00000000f5580000,0x00000000f89ffd80,0x00000000f8a00000)
  from space 24576K, 0% used [0x00000000f8a00000,0x00000000f8a00000,0x00000000fa200000)
  to   space 40448K, 0% used [0x00000000fba80000,0x00000000fba80000,0x00000000fe200000)
 ParOldGen       total 349696K, used 349692K [0x00000000e0000000, 0x00000000f5580000, 0x00000000f5580000)
  object space 349696K, 99% used [0x00000000e0000000,0x00000000f557f328,0x00000000f5580000)
 Metaspace       used 60421K, committed 61632K, reserved 1105920K
  class space    used 5508K, committed 6016K, reserved 1048576K
}
Event: 339.887 GC heap before
{Heap before GC invocations=180 (full 72):
 PSYoungGen      total 78336K, used 53759K [0x00000000f5580000, 0x00000000fe200000, 0x0000000100000000)
  eden space 53760K, 99% used [0x00000000f5580000,0x00000000f89ffec8,0x00000000f8a00000)
  from space 24576K, 0% used [0x00000000f8a00000,0x00000000f8a00000,0x00000000fa200000)
  to   space 40448K, 0% used [0x00000000fba80000,0x00000000fba80000,0x00000000fe200000)
 ParOldGen       total 349696K, used 349692K [0x00000000e0000000, 0x00000000f5580000, 0x00000000f5580000)
  object space 349696K, 99% used [0x00000000e0000000,0x00000000f557f328,0x00000000f5580000)
 Metaspace       used 60421K, committed 61632K, reserved 1105920K
  class space    used 5508K, committed 6016K, reserved 1048576K
}
Event: 342.369 GC heap after
{Heap after GC invocations=180 (full 72):
 PSYoungGen      total 94208K, used 53759K [0x00000000f5580000, 0x00000000fe200000, 0x0000000100000000)
  eden space 53760K, 99% used [0x00000000f5580000,0x00000000f89ffd98,0x00000000f8a00000)
  from space 40448K, 0% used [0x00000000fba80000,0x00000000fba80000,0x00000000fe200000)
  to   space 24576K, 0% used [0x00000000f8a00000,0x00000000f8a00000,0x00000000fa200000)
 ParOldGen       total 349696K, used 349692K [0x00000000e0000000, 0x00000000f5580000, 0x00000000f5580000)
  object space 349696K, 99% used [0x00000000e0000000,0x00000000f557f328,0x00000000f5580000)
 Metaspace       used 60421K, committed 61632K, reserved 1105920K
  class space    used 5508K, committed 6016K, reserved 1048576K
}
Event: 342.370 GC heap before
{Heap before GC invocations=181 (full 73):
 PSYoungGen      total 94208K, used 53759K [0x00000000f5580000, 0x00000000fe200000, 0x0000000100000000)
  eden space 53760K, 99% used [0x00000000f5580000,0x00000000f89ffff8,0x00000000f8a00000)
  from space 40448K, 0% used [0x00000000fba80000,0x00000000fba80000,0x00000000fe200000)
  to   space 24576K, 0% used [0x00000000f8a00000,0x00000000f8a00000,0x00000000fa200000)
 ParOldGen       total 349696K, used 349695K [0x00000000e0000000, 0x00000000f5580000, 0x00000000f5580000)
  object space 349696K, 99% used [0x00000000e0000000,0x00000000f557ff20,0x00000000f5580000)
 Metaspace       used 60422K, committed 61632K, reserved 1105920K
  class space    used 5508K, committed 6016K, reserved 1048576K
}
Event: 345.146 GC heap after
{Heap after GC invocations=181 (full 73):
 PSYoungGen      total 78336K, used 53759K [0x00000000f5580000, 0x00000000fe200000, 0x0000000100000000)
  eden space 53760K, 99% used [0x00000000f5580000,0x00000000f89fff20,0x00000000f8a00000)
  from space 24576K, 0% used [0x00000000f8a00000,0x00000000f8a00000,0x00000000fa200000)
  to   space 40448K, 0% used [0x00000000fba80000,0x00000000fba80000,0x00000000fe200000)
 ParOldGen       total 349696K, used 349695K [0x00000000e0000000, 0x00000000f5580000, 0x00000000f5580000)
  object space 349696K, 99% used [0x00000000e0000000,0x00000000f557feb0,0x00000000f5580000)
 Metaspace       used 60422K, committed 61632K, reserved 1105920K
  class space    used 5508K, committed 6016K, reserved 1048576K
}
Event: 345.146 GC heap before
{Heap before GC invocations=182 (full 74):
 PSYoungGen      total 78336K, used 53759K [0x00000000f5580000, 0x00000000fe200000, 0x0000000100000000)
  eden space 53760K, 99% used [0x00000000f5580000,0x00000000f89fff20,0x00000000f8a00000)
  from space 24576K, 0% used [0x00000000f8a00000,0x00000000f8a00000,0x00000000fa200000)
  to   space 40448K, 0% used [0x00000000fba80000,0x00000000fba80000,0x00000000fe200000)
 ParOldGen       total 349696K, used 349695K [0x00000000e0000000, 0x00000000f5580000, 0x00000000f5580000)
  object space 349696K, 99% used [0x00000000e0000000,0x00000000f557feb0,0x00000000f5580000)
 Metaspace       used 60422K, committed 61632K, reserved 1105920K
  class space    used 5508K, committed 6016K, reserved 1048576K
}
Event: 348.581 GC heap after
{Heap after GC invocations=182 (full 74):
 PSYoungGen      total 94208K, used 53759K [0x00000000f5580000, 0x00000000fe200000, 0x0000000100000000)
  eden space 53760K, 99% used [0x00000000f5580000,0x00000000f89fff20,0x00000000f8a00000)
  from space 40448K, 0% used [0x00000000fba80000,0x00000000fba80000,0x00000000fe200000)
  to   space 24576K, 0% used [0x00000000f8a00000,0x00000000f8a00000,0x00000000fa200000)
 ParOldGen       total 349696K, used 349695K [0x00000000e0000000, 0x00000000f5580000, 0x00000000f5580000)
  object space 349696K, 99% used [0x00000000e0000000,0x00000000f557feb0,0x00000000f5580000)
 Metaspace       used 60422K, committed 61632K, reserved 1105920K
  class space    used 5508K, committed 6016K, reserved 1048576K
}

Dll operation events (8 events):
Event: 0.055 Loaded shared library /nix/store/gpxl5qgg8kicmcvivwmybwjlpf7wh20l-graalvm17-ce-22.3.0/lib/libjava.so
Event: 0.219 Loaded shared library /nix/store/gpxl5qgg8kicmcvivwmybwjlpf7wh20l-graalvm17-ce-22.3.0/lib/libjsvml.so
Event: 0.554 Loaded shared library /nix/store/gpxl5qgg8kicmcvivwmybwjlpf7wh20l-graalvm17-ce-22.3.0/lib/libnio.so
Event: 0.572 Loaded shared library /nix/store/gpxl5qgg8kicmcvivwmybwjlpf7wh20l-graalvm17-ce-22.3.0/lib/libzip.so
Event: 0.636 Loaded shared library /nix/store/gpxl5qgg8kicmcvivwmybwjlpf7wh20l-graalvm17-ce-22.3.0/lib/libjvmcicompiler.so
Event: 1.261 Loaded shared library /nix/store/gpxl5qgg8kicmcvivwmybwjlpf7wh20l-graalvm17-ce-22.3.0/lib/libjimage.so
Event: 4.253 Loaded shared library /nix/store/gpxl5qgg8kicmcvivwmybwjlpf7wh20l-graalvm17-ce-22.3.0/lib/libnet.so
Event: 6.673 Loaded shared library /home/runner/.cache/jdt-language-server/config/org.eclipse.equinox.launcher/org.eclipse.equinox.launcher.gtk.linux.x86_64_1.2.400.v20211117-0650/eclipse_11600.so

Deoptimization events (20 events):
Event: 140.659 Thread 0x00007f9d6c65d880 DEOPT PACKING pc=0x00007f9dbfaef605 sp=0x00007f9d83ffe530
Event: 140.659 Thread 0x00007f9d6c65d880 DEOPT UNPACKING pc=0x00007f9dbf505325 sp=0x00007f9d83ffda20 mode 0
Event: 140.662 Thread 0x00007f9d6c65d880 DEOPT PACKING pc=0x00007f9dbfaef605 sp=0x00007f9d83ffe530
Event: 140.662 Thread 0x00007f9d6c65d880 DEOPT UNPACKING pc=0x00007f9dbf505325 sp=0x00007f9d83ffda20 mode 0
Event: 140.737 Thread 0x00007f9d6c65d880 DEOPT PACKING pc=0x00007f9dbfaef605 sp=0x00007f9d83ffe530
Event: 140.737 Thread 0x00007f9d6c65d880 DEOPT UNPACKING pc=0x00007f9dbf505325 sp=0x00007f9d83ffda20 mode 0
Event: 140.740 Thread 0x00007f9d6c65d880 DEOPT PACKING pc=0x00007f9dbfaef605 sp=0x00007f9d83ffe530
Event: 140.740 Thread 0x00007f9d6c65d880 DEOPT UNPACKING pc=0x00007f9dbf505325 sp=0x00007f9d83ffda20 mode 0
Event: 140.743 Thread 0x00007f9d6c65d880 DEOPT PACKING pc=0x00007f9dbfaef605 sp=0x00007f9d83ffe530
Event: 140.743 Thread 0x00007f9d6c65d880 DEOPT UNPACKING pc=0x00007f9dbf505325 sp=0x00007f9d83ffda20 mode 0
Event: 140.751 Thread 0x00007f9d6c65d880 DEOPT PACKING pc=0x00007f9dbfaef605 sp=0x00007f9d83ffe530
Event: 140.751 Thread 0x00007f9d6c65d880 DEOPT UNPACKING pc=0x00007f9dbf505325 sp=0x00007f9d83ffda20 mode 0
Event: 140.759 Thread 0x00007f9d6c65d880 DEOPT PACKING pc=0x00007f9dbfaef605 sp=0x00007f9d83ffe530
Event: 140.759 Thread 0x00007f9d6c65d880 DEOPT UNPACKING pc=0x00007f9dbf505325 sp=0x00007f9d83ffda20 mode 0
Event: 141.049 Thread 0x00007f9d6816b210 Uncommon trap: trap_request=0xffffffcd fr.pc=0x00007f9dc71ece84 relative=0x00000000000006c4
Event: 141.049 Thread 0x00007f9d6816b210 Uncommon trap: reason=intrinsic_or_type_checked_inlining action=reinterpret pc=0x00007f9dc71ece84 method=java.util.TimSort.binarySort([Ljava/lang/Object;IIILjava/util/Comparator;)V @ 32 jvmci
Event: 141.049 Thread 0x00007f9d6816b210 DEOPT PACKING pc=0x00007f9dc71ece84 sp=0x00007f9d835fcfa0
Event: 141.049 Thread 0x00007f9d6816b210 DEOPT UNPACKING pc=0x00007f9dbf505325 sp=0x00007f9d835fc460 mode 3
Event: 144.050 Thread 0x00007f9d6816ac60 DEOPT PACKING pc=0x00007f9dc06e43d4 sp=0x00007f9d835fdce0
Event: 144.050 Thread 0x00007f9d6816ac60 DEOPT UNPACKING pc=0x00007f9dbf505325 sp=0x00007f9d835fd1d8 mode 0

Classes unloaded (20 events):
Event: 160.243 Thread 0x00007f9dd80a1640 Unloading class 0x0000000800ffc000 'jdk/internal/reflect/GeneratedSerializationConstructorAccessor32'
Event: 160.243 Thread 0x00007f9dd80a1640 Unloading class 0x0000000800ff3400 'jdk/internal/reflect/GeneratedSerializationConstructorAccessor31'
Event: 160.243 Thread 0x00007f9dd80a1640 Unloading class 0x0000000800ff3000 'jdk/internal/reflect/GeneratedSerializationConstructorAccessor30'
Event: 167.437 Thread 0x00007f9dd80a1640 Unloading class 0x0000000801088c00 'jdk/internal/reflect/GeneratedMethodAccessor12'
Event: 167.437 Thread 0x00007f9dd80a1640 Unloading class 0x0000000801088800 'jdk/internal/reflect/GeneratedMethodAccessor11'
Event: 167.437 Thread 0x00007f9dd80a1640 Unloading class 0x0000000801084000 'jdk/internal/reflect/GeneratedMethodAccessor9'
Event: 173.880 Thread 0x00007f9dd80a1640 Unloading class 0x00000008011b4000 'jdk/internal/reflect/GeneratedConstructorAccessor31'
Event: 173.880 Thread 0x00007f9dd80a1640 Unloading class 0x00000008011ac400 'jdk/internal/reflect/GeneratedMethodAccessor15'
Event: 173.880 Thread 0x00007f9dd80a1640 Unloading class 0x00000008011ac000 'jdk/internal/reflect/GeneratedConstructorAccessor30'
Event: 173.880 Thread 0x00007f9dd80a1640 Unloading class 0x0000000801084400 'jdk/internal/reflect/GeneratedMethodAccessor10'
Event: 173.880 Thread 0x00007f9dd80a1640 Unloading class 0x0000000800ffc800 'jdk/internal/reflect/GeneratedConstructorAccessor14'
Event: 173.880 Thread 0x00007f9dd80a1640 Unloading class 0x0000000800e0dc00 'jdk/internal/reflect/GeneratedMethodAccessor8'
Event: 173.880 Thread 0x00007f9dd80a1640 Unloading class 0x0000000800e0cc00 'jdk/internal/reflect/GeneratedMethodAccessor7'
Event: 173.880 Thread 0x00007f9dd80a1640 Unloading class 0x0000000800da4400 'java/lang/invoke/LambdaForm$MH+0x0000000800da4400'
Event: 173.880 Thread 0x00007f9dd80a1640 Unloading class 0x0000000800d91400 'java/lang/invoke/LambdaForm$MH+0x0000000800d91400'
Event: 173.880 Thread 0x00007f9dd80a1640 Unloading class 0x0000000800d91000 'java/lang/invoke/LambdaForm$MH+0x0000000800d91000'
Event: 173.880 Thread 0x00007f9dd80a1640 Unloading class 0x0000000800d90c00 'java/lang/invoke/LambdaForm$MH+0x0000000800d90c00'
Event: 173.880 Thread 0x00007f9dd80a1640 Unloading class 0x0000000800d90800 'java/lang/invoke/LambdaForm$MH+0x0000000800d90800'
Event: 173.880 Thread 0x00007f9dd80a1640 Unloading class 0x0000000800d90400 'java/lang/invoke/LambdaForm$MH+0x0000000800d90400'
Event: 173.880 Thread 0x00007f9dd80a1640 Unloading class 0x0000000800d90000 'java/lang/invoke/LambdaForm$MH+0x0000000800d90000'

Classes redefined (0 events):
No events

Internal exceptions (20 events):
Event: 110.537 Thread 0x00007f9d6816b310 Exception <a 'java/lang/ArrayIndexOutOfBoundsException'{0x00000000f760d448}> (0x00000000f760d448) 
thrown [src/hotspot/share/runtime/sharedRuntime.cpp, line 628]
Event: 110.537 Thread 0x00007f9d6816b310 Exception <a 'java/lang/ArrayIndexOutOfBoundsException'{0x00000000f760da10}> (0x00000000f760da10) 
thrown [src/hotspot/share/runtime/sharedRuntime.cpp, line 628]
Event: 110.537 Thread 0x00007f9d6816b310 Exception <a 'java/lang/ArrayIndexOutOfBoundsException'{0x00000000f760dfd8}: Index 12 out of bounds for length 12> (0x00000000f760dfd8) 
thrown [src/hotspot/share/interpreter/interpreterRuntime.cpp, line 428]
Event: 110.537 Thread 0x00007f9d6816b310 Exception <a 'java/lang/ArrayIndexOutOfBoundsException'{0x00000000f760e5a0}> (0x00000000f760e5a0) 
thrown [src/hotspot/share/runtime/sharedRuntime.cpp, line 628]
Event: 110.537 Thread 0x00007f9d6816b310 Exception <a 'java/lang/ArrayIndexOutOfBoundsException'{0x00000000f760eb68}: Index 12 out of bounds for length 12> (0x00000000f760eb68) 
thrown [src/hotspot/share/interpreter/interpreterRuntime.cpp, line 428]
Event: 110.537 Thread 0x00007f9d6816b310 Exception <a 'java/lang/ArrayIndexOutOfBoundsException'{0x00000000f760f130}: Index 12 out of bounds for length 12> (0x00000000f760f130) 
thrown [src/hotspot/share/interpreter/interpreterRuntime.cpp, line 428]
Event: 110.539 Thread 0x00007f9d6816b310 Exception <a 'java/lang/ArrayIndexOutOfBoundsException'{0x00000000f760f6f8}: Index 12 out of bounds for length 12> (0x00000000f760f6f8) 
thrown [src/hotspot/share/interpreter/interpreterRuntime.cpp, line 428]
Event: 110.650 Thread 0x00007f9d6816b310 Exception <a 'java/lang/ArrayIndexOutOfBoundsException'{0x00000000f569e0a0}: Index 12 out of bounds for length 12> (0x00000000f569e0a0) 
thrown [src/hotspot/share/interpreter/interpreterRuntime.cpp, line 428]
Event: 110.650 Thread 0x00007f9d6816b310 Exception <a 'java/lang/ArrayIndexOutOfBoundsException'{0x00000000f569e668}: Index 12 out of bounds for length 12> (0x00000000f569e668) 
thrown [src/hotspot/share/interpreter/interpreterRuntime.cpp, line 428]
Event: 110.650 Thread 0x00007f9d6816b310 Exception <a 'java/lang/ArrayIndexOutOfBoundsException'{0x00000000f569ec30}> (0x00000000f569ec30) 
thrown [src/hotspot/share/runtime/sharedRuntime.cpp, line 628]
Event: 110.650 Thread 0x00007f9d6816b310 Exception <a 'java/lang/ArrayIndexOutOfBoundsException'{0x00000000f569f1f8}> (0x00000000f569f1f8) 
thrown [src/hotspot/share/runtime/sharedRuntime.cpp, line 628]
Event: 110.650 Thread 0x00007f9d6816b310 Exception <a 'java/lang/ArrayIndexOutOfBoundsException'{0x00000000f569f7c0}> (0x00000000f569f7c0) 
thrown [src/hotspot/share/runtime/sharedRuntime.cpp, line 628]
Event: 110.650 Thread 0x00007f9d6816b310 Exception <a 'java/lang/ArrayIndexOutOfBoundsException'{0x00000000f569fd88}: Index 12 out of bounds for length 12> (0x00000000f569fd88) 
thrown [src/hotspot/share/interpreter/interpreterRuntime.cpp, line 428]
Event: 110.650 Thread 0x00007f9d6816b310 Exception <a 'java/lang/ArrayIndexOutOfBoundsException'{0x00000000f56a0350}> (0x00000000f56a0350) 
thrown [src/hotspot/share/runtime/sharedRuntime.cpp, line 628]
Event: 110.650 Thread 0x00007f9d6816b310 Exception <a 'java/lang/ArrayIndexOutOfBoundsException'{0x00000000f56a0918}: Index 12 out of bounds for length 12> (0x00000000f56a0918) 
thrown [src/hotspot/share/interpreter/interpreterRuntime.cpp, line 428]
Event: 110.650 Thread 0x00007f9d6816b310 Exception <a 'java/lang/ArrayIndexOutOfBoundsException'{0x00000000f56a0ee0}: Index 12 out of bounds for length 12> (0x00000000f56a0ee0) 
thrown [src/hotspot/share/interpreter/interpreterRuntime.cpp, line 428]
Event: 110.650 Thread 0x00007f9d6816b310 Exception <a 'java/lang/ArrayIndexOutOfBoundsException'{0x00000000f56a14a8}: Index 12 out of bounds for length 12> (0x00000000f56a14a8) 
thrown [src/hotspot/share/interpreter/interpreterRuntime.cpp, line 428]
Event: 244.381 Thread 0x00007f9dd840a7d0 Exception <a 'java/lang/OutOfMemoryError'{0x00000000e00cd8d0}> (0x00000000e00cd8d0) 
thrown [src/hotspot/share/gc/shared/memAllocator.cpp, line 136]
Event: 258.854 Thread 0x00007f9dd840a7d0 Exception <a 'java/lang/reflect/InvocationTargetException'{0x00000000f89fef10}> (0x00000000f89fef10) 
thrown [src/hotspot/share/runtime/reflection.cpp, line 1119]
Event: 348.582 Thread 0x00007f9dd80b1c10 Exception <a 'java/lang/OutOfMemoryError'{0x00000000e00cdba0}> (0x00000000e00cdba0) 
thrown [src/hotspot/share/gc/shared/memAllocator.cpp, line 136]

VM Operations (20 events):
Event: 319.778 Executing VM operation: ParallelGCFailedAllocation done
Event: 319.779 Executing VM operation: ParallelGCFailedAllocation
Event: 322.435 Executing VM operation: ParallelGCFailedAllocation done
Event: 322.438 Executing VM operation: ParallelGCFailedAllocation
Event: 325.699 Executing VM operation: ParallelGCFailedAllocation done
Event: 325.703 Executing VM operation: ParallelGCFailedAllocation
Event: 328.480 Executing VM operation: ParallelGCFailedAllocation done
Event: 328.480 Executing VM operation: ParallelGCFailedAllocation
Event: 331.349 Executing VM operation: ParallelGCFailedAllocation done
Event: 331.349 Executing VM operation: ParallelGCFailedAllocation
Event: 334.360 Executing VM operation: ParallelGCFailedAllocation done
Event: 334.360 Executing VM operation: ParallelGCFailedAllocation
Event: 337.039 Executing VM operation: ParallelGCFailedAllocation done
Event: 337.039 Executing VM operation: ParallelGCFailedAllocation
Event: 339.887 Executing VM operation: ParallelGCFailedAllocation done
Event: 339.887 Executing VM operation: ParallelGCFailedAllocation
Event: 342.370 Executing VM operation: ParallelGCFailedAllocation done
Event: 342.370 Executing VM operation: ParallelGCFailedAllocation
Event: 348.582 Executing VM operation: ParallelGCFailedAllocation done
Event: 348.582 Executing VM operation: ParallelGCFailedAllocation

Events (20 events):
Event: 140.532 Thread 0x00007f9d6816b210 Thread added: 0x00007f9d6816b210
Event: 140.532 Thread 0x00007f9d6816ac60 Thread exited: 0x00007f9d6816ac60
Event: 140.533 Protecting memory [0x00007f9d83500000,0x00007f9d83504000] with protection modes 0
Event: 141.635 Thread 0x00007f9d6816b210 Thread exited: 0x00007f9d6816b210
Event: 144.046 Thread 0x00007f9d6816ac60 Thread added: 0x00007f9d6816ac60
Event: 144.047 Protecting memory [0x00007f9d83500000,0x00007f9d83504000] with protection modes 0
Event: 144.052 Thread 0x00007f9d6816ac60 Thread exited: 0x00007f9d6816ac60
Event: 144.662 Thread 0x00007f9dd80b4570 flushing nmethod 0x00007f9dc04a5b90
Event: 144.670 Thread 0x00007f9dd80b4570 flushing nmethod 0x00007f9dc06a1c10
Event: 144.670 Thread 0x00007f9dd80b4570 flushing nmethod 0x00007f9dc072f510
Event: 144.677 Thread 0x00007f9dd80b4570 flushing nmethod 0x00007f9dc082fd90
Event: 144.678 Thread 0x00007f9dd80b4570 flushing nmethod 0x00007f9dc096b690
Event: 144.678 Thread 0x00007f9dd80b4570 flushing nmethod 0x00007f9dc0a07410
Event: 144.678 Thread 0x00007f9dd80b4570 flushing nmethod 0x00007f9dc0a84a90
Event: 144.734 Thread 0x00007f9dd80b4570 flushing nmethod 0x00007f9dc0c99690
Event: 188.639 Thread 0x00007f9d602f93f0 Thread exited: 0x00007f9d602f93f0
Event: 188.639 Thread 0x00007f9d5c0010d0 Thread exited: 0x00007f9d5c0010d0
Event: 188.639 Thread 0x00007f9d64128570 Thread exited: 0x00007f9d64128570
Event: 325.703 Thread 0x00007f9d64128570 Thread added: 0x00007f9d64128570
Event: 325.703 Protecting memory [0x00007f9d83900000,0x00007f9d83904000] with protection modes 0


Dynamic libraries:
e0000000-f4580000 rw-p 00000000 00:00 0 
f4580000-fe200000 rw-p 00000000 00:00 0 
fe200000-100000000 ---p 00000000 00:00 0 
800000000-800449000 rw-p 00001000 00:2f6 707969865                       /nix/store/gpxl5qgg8kicmcvivwmybwjlpf7wh20l-graalvm17-ce-22.3.0/lib/server/classes.jsa
800449000-800bc8000 r--p 0044a000 00:2f6 707969865                       /nix/store/gpxl5qgg8kicmcvivwmybwjlpf7wh20l-graalvm17-ce-22.3.0/lib/server/classes.jsa
800bc8000-800c00000 ---p 00000000 00:00 0 
800c00000-800c10000 rw-p 00000000 00:00 0 
800c10000-800c30000 rw-p 00000000 00:00 0 
800c30000-800cb0000 rw-p 00000000 00:00 0 
800cb0000-800cf0000 rw-p 00000000 00:00 0 
800cf0000-800db0000 rw-p 00000000 00:00 0 
800db0000-800df0000 rw-p 00000000 00:00 0 
800df0000-801150000 rw-p 00000000 00:00 0 
801150000-801180000 ---p 00000000 00:00 0 
801180000-801210000 rw-p 00000000 00:00 0 
801210000-840c00000 ---p 00000000 00:00 0 
561c1e403000-561c1e404000 r-xp 00000000 00:2f6 672029940                 /nix/store/gpxl5qgg8kicmcvivwmybwjlpf7wh20l-graalvm17-ce-22.3.0/bin/.java-wrapped
561c1e405000-561c1e406000 r--p 00001000 00:2f6 672029940                 /nix/store/gpxl5qgg8kicmcvivwmybwjlpf7wh20l-graalvm17-ce-22.3.0/bin/.java-wrapped
561c1e406000-561c1e407000 rw-p 00002000 00:2f6 672029940                 /nix/store/gpxl5qgg8kicmcvivwmybwjlpf7wh20l-graalvm17-ce-22.3.0/bin/.java-wrapped
561c1e407000-561c1e408000 rw-p 00004000 00:2f6 672029940                 /nix/store/gpxl5qgg8kicmcvivwmybwjlpf7wh20l-graalvm17-ce-22.3.0/bin/.java-wrapped
561c1e408000-561c1e409000 rw-p 00005000 00:2f6 672029940                 /nix/store/gpxl5qgg8kicmcvivwmybwjlpf7wh20l-graalvm17-ce-22.3.0/bin/.java-wrapped
561c1f375000-561c1f6f3000 rw-p 00000000 00:00 0                          [heap]
7f9d4f400000-7f9d4f450000 rw-p 00000000 00:00 0 
7f9d4f450000-7f9d4f890000 rw-p 00000000 00:00 0 
7f9d4f890000-7f9d4f9d0000 rw-p 00000000 00:00 0 
7f9d4f9d0000-7f9d4fa00000 ---p 00000000 00:00 0 
7f9d4fa00000-7f9d4fa80000 rw-p 00000000 00:00 0 
7f9d4fa80000-7f9d4fc00000 ---p 00000000 00:00 0 
7f9d50000000-7f9d50800000 rw-p 00000000 00:00 0 
7f9d50c00000-7f9d510f0000 rw-p 00000000 00:00 0 
7f9d510f0000-7f9d511f0000 rw-p 00000000 00:00 0 
7f9d511f0000-7f9d51400000 rw-p 00000000 00:00 0 
7f9d514b3000-7f9d5b000000 r--s 00000000 00:2f6 707804677                 /nix/store/gpxl5qgg8kicmcvivwmybwjlpf7wh20l-graalvm17-ce-22.3.0/lib/modules
7f9d5b000000-7f9d5b1b0000 rw-p 00000000 00:00 0 
7f9d5b1b0000-7f9d5b1f0000 rw-p 00000000 00:00 0 
7f9d5b1f0000-7f9d5b570000 rw-p 00000000 00:00 0 
7f9d5b570000-7f9d5b5f0000 rw-p 00000000 00:00 0 
7f9d5b5f0000-7f9d5b7f0000 rw-p 00000000 00:00 0 
7f9d5b7f0000-7f9d5b8f0000 rw-p 00000000 00:00 0 
7f9d5b8f0000-7f9d5b9f0000 rw-p 00000000 00:00 0 
7f9d5b9f0000-7f9d5bd70000 rw-p 00000000 00:00 0 
7f9d5bd70000-7f9d5bdf0000 rw-p 00000000 00:00 0 
7f9d5bdf0000-7f9d5c000000 rw-p 00000000 00:00 0 
7f9d5c000000-7f9d5c053000 rw-p 00000000 00:00 0 
7f9d5c053000-7f9d60000000 ---p 00000000 00:00 0 
7f9d60000000-7f9d60323000 rw-p 00000000 00:00 0 
7f9d60323000-7f9d64000000 ---p 00000000 00:00 0 
7f9d64000000-7f9d6416c000 rw-p 00000000 00:00 0 
7f9d6416c000-7f9d68000000 ---p 00000000 00:00 0 
7f9d68000000-7f9d6818e000 rw-p 00000000 00:00 0 
7f9d6818e000-7f9d6c000000 ---p 00000000 00:00 0 
7f9d6c000000-7f9d6c8d0000 rw-p 00000000 00:00 0 
7f9d6c8d0000-7f9d70000000 ---p 00000000 00:00 0 
7f9d70000000-7f9d70064000 rw-p 00000000 00:00 0 
7f9d70064000-7f9d74000000 ---p 00000000 00:00 0 
7f9d74000000-7f9d74045000 rw-p 00000000 00:00 0 
7f9d74045000-7f9d78000000 ---p 00000000 00:00 0 
7f9d78000000-7f9d78021000 rw-p 00000000 00:00 0 
7f9d78021000-7f9d7c000000 ---p 00000000 00:00 0 
7f9d7c000000-7f9d7c06d000 rw-p 00000000 00:00 0 
7f9d7c06d000-7f9d80000000 ---p 00000000 00:00 0 
7f9d81000000-7f9d810f0000 rw-p 00000000 00:00 0 
7f9d810f0000-7f9d811f0000 rw-p 00000000 00:00 0 
7f9d811f0000-7f9d81770000 rw-p 00000000 00:00 0 
7f9d81770000-7f9d817f0000 rw-p 00000000 00:00 0 
7f9d817f0000-7f9d81800000 rw-p 00000000 00:00 0 
7f9d81a00000-7f9d81a10000 r-xp 00000000 00:2e4 390                       /home/runner/.cache/jdt-language-server/config/org.eclipse.equinox.launcher/org.eclipse.equinox.launcher.gtk.linux.x86_64_1.2.400.v20211117-0650/eclipse_11600.so
7f9d81a10000-7f9d81c0f000 ---p 00010000 00:2e4 390                       /home/runner/.cache/jdt-language-server/config/org.eclipse.equinox.launcher/org.eclipse.equinox.launcher.gtk.linux.x86_64_1.2.400.v20211117-0650/eclipse_11600.so
7f9d81c0f000-7f9d81c10000 r--p 0000f000 00:2e4 390                       /home/runner/.cache/jdt-language-server/config/org.eclipse.equinox.launcher/org.eclipse.equinox.launcher.gtk.linux.x86_64_1.2.400.v20211117-0650/eclipse_11600.so
7f9d81c10000-7f9d81c11000 rw-p 00010000 00:2e4 390                       /home/runner/.cache/jdt-language-server/config/org.eclipse.equinox.launcher/org.eclipse.equinox.launcher.gtk.linux.x86_64_1.2.400.v20211117-0650/eclipse_11600.so
7f9d82100000-7f9d82200000 ---p 00000000 00:00 0 
7f9d82200000-7f9d827af000 r--p 01122000 00:2f6 707802136                 /nix/store/gpxl5qgg8kicmcvivwmybwjlpf7wh20l-graalvm17-ce-22.3.0/lib/libjvmcicompiler.so
7f9d827af000-7f9d82900000 r--p 00000000 00:00 0 
7f9d82900000-7f9d8293d000 rw-p 00000000 00:00 0 
7f9d8293d000-7f9d82e5d000 rw-p 0185f000 00:2f6 707802136                 /nix/store/gpxl5qgg8kicmcvivwmybwjlpf7wh20l-graalvm17-ce-22.3.0/lib/libjvmcicompiler.so
7f9d82e5d000-7f9d83244000 r--p 01d7f000 00:2f6 707802136                 /nix/store/gpxl5qgg8kicmcvivwmybwjlpf7wh20l-graalvm17-ce-22.3.0/lib/libjvmcicompiler.so
7f9d83300000-7f9d83304000 ---p 00000000 00:00 0 
7f9d83304000-7f9d83400000 rw-p 00000000 00:00 0 
7f9d83500000-7f9d83504000 ---p 00000000 00:00 0 
7f9d83504000-7f9d83600000 rw-p 00000000 00:00 0 
7f9d83700000-7f9d83704000 ---p 00000000 00:00 0 
7f9d83704000-7f9d83800000 rw-p 00000000 00:00 0 
7f9d83900000-7f9d83904000 ---p 00000000 00:00 0 
7f9d83904000-7f9d83a00000 rw-p 00000000 00:00 0 
7f9d83b00000-7f9d83b04000 ---p 00000000 00:00 0 
7f9d83b04000-7f9d83c00000 rw-p 00000000 00:00 0 
7f9d83d00000-7f9d83d04000 ---p 00000000 00:00 0 
7f9d83d04000-7f9d83e00000 rw-p 00000000 00:00 0 
7f9d83e00000-7f9d83e04000 ---p 00000000 00:00 0 
7f9d83e04000-7f9d83f00000 rw-p 00000000 00:00 0 
7f9d83f00000-7f9d83f04000 ---p 00000000 00:00 0 
7f9d83f04000-7f9d84000000 rw-p 00000000 00:00 0 
7f9d84100000-7f9d84104000 ---p 00000000 00:00 0 
7f9d84104000-7f9d84200000 rw-p 00000000 00:00 0 
7f9d84300000-7f9d84304000 ---p 00000000 00:00 0 
7f9d84304000-7f9d84400000 rw-p 00000000 00:00 0 
7f9d84400000-7f9d84404000 ---p 00000000 00:00 0 
7f9d84404000-7f9d84500000 rw-p 00000000 00:00 0 
7f9d84500000-7f9d84504000 ---p 00000000 00:00 0 
7f9d84504000-7f9d84600000 rw-p 00000000 00:00 0 
7f9d84700000-7f9d84704000 ---p 00000000 00:00 0 
7f9d84704000-7f9d84800000 rw-p 00000000 00:00 0 
7f9d84800000-7f9d84804000 ---p 00000000 00:00 0 
7f9d84804000-7f9d84900000 rw-p 00000000 00:00 0 
7f9d84900000-7f9d84904000 ---p 00000000 00:00 0 
7f9d84904000-7f9d84a00000 rw-p 00000000 00:00 0 
7f9d85668000-7f9d85b00000 rw-p 00000000 00:00 0 
7f9d85c00000-7f9d87d6a000 r-xp 00000000 00:2f6 707802136                 /nix/store/gpxl5qgg8kicmcvivwmybwjlpf7wh20l-graalvm17-ce-22.3.0/lib/libjvmcicompiler.so
7f9d87d6a000-7f9d87f69000 ---p 0216a000 00:2f6 707802136                 /nix/store/gpxl5qgg8kicmcvivwmybwjlpf7wh20l-graalvm17-ce-22.3.0/lib/libjvmcicompiler.so
7f9d87f69000-7f9d87f6a000 r--p 02169000 00:2f6 707802136                 /nix/store/gpxl5qgg8kicmcvivwmybwjlpf7wh20l-graalvm17-ce-22.3.0/lib/libjvmcicompiler.so
7f9d87f6a000-7f9d87f6c000 rw-p 0216a000 00:2f6 707802136                 /nix/store/gpxl5qgg8kicmcvivwmybwjlpf7wh20l-graalvm17-ce-22.3.0/lib/libjvmcicompiler.so
7f9d87f6c000-7f9d87f6d000 rw-p 00000000 00:00 0 
7f9d87f6d000-7f9d87f72000 rw-p 023c3000 00:2f6 707802136                 /nix/store/gpxl5qgg8kicmcvivwmybwjlpf7wh20l-graalvm17-ce-22.3.0/lib/libjvmcicompiler.so
7f9d88000000-7f9d8805a000 rw-p 00000000 00:00 0 
7f9d8805a000-7f9d8c000000 ---p 00000000 00:00 0 
7f9d8c000000-7f9d8c073000 rw-p 00000000 00:00 0 
7f9d8c073000-7f9d90000000 ---p 00000000 00:00 0 
7f9d90000000-7f9d90021000 rw-p 00000000 00:00 0 
7f9d90021000-7f9d94000000 ---p 00000000 00:00 0 
7f9d94000000-7f9d9404a000 rw-p 00000000 00:00 0 
7f9d9404a000-7f9d98000000 ---p 00000000 00:00 0 
7f9d98000000-7f9d980e4000 rw-p 00000000 00:00 0 
7f9d980e4000-7f9d9c000000 ---p 00000000 00:00 0 
7f9d9c000000-7f9d9cb44000 rw-p 00000000 00:00 0 
7f9d9cb44000-7f9da0000000 ---p 00000000 00:00 0 
7f9da0000000-7f9da0072000 rw-p 00000000 00:00 0 
7f9da0072000-7f9da4000000 ---p 00000000 00:00 0 
7f9da4000000-7f9da4021000 rw-p 00000000 00:00 0 
7f9da4021000-7f9da8000000 ---p 00000000 00:00 0 
7f9da8000000-7f9da8021000 rw-p 00000000 00:00 0 
7f9da8021000-7f9dac000000 ---p 00000000 00:00 0 
7f9dac000000-7f9dac021000 rw-p 00000000 00:00 0 
7f9dac021000-7f9db0000000 ---p 00000000 00:00 0 
7f9db0000000-7f9db0021000 rw-p 00000000 00:00 0 
7f9db0021000-7f9db4000000 ---p 00000000 00:00 0 
7f9db4000000-7f9db4021000 rw-p 00000000 00:00 0 
7f9db4021000-7f9db8000000 ---p 00000000 00:00 0 
7f9db8000000-7f9db81bb000 rw-p 00000000 00:00 0 
7f9db81bb000-7f9dbc000000 ---p 00000000 00:00 0 
7f9dbc000000-7f9dbc004000 ---p 00000000 00:00 0 
7f9dbc004000-7f9dbc100000 rw-p 00000000 00:00 0 
7f9dbc100000-7f9dbc104000 ---p 00000000 00:00 0 
7f9dbc104000-7f9dbc200000 rw-p 00000000 00:00 0 
7f9dbc200000-7f9dbc204000 ---p 00000000 00:00 0 
7f9dbc204000-7f9dbc300000 rw-p 00000000 00:00 0 
7f9dbc300000-7f9dbc304000 ---p 00000000 00:00 0 
7f9dbc304000-7f9dbc400000 rw-p 00000000 00:00 0 
7f9dbc500000-7f9dbc504000 ---p 00000000 00:00 0 
7f9dbc504000-7f9dbc600000 rw-p 00000000 00:00 0 
7f9dbc700000-7f9dbc704000 ---p 00000000 00:00 0 
7f9dbc704000-7f9dbc800000 rw-p 00000000 00:00 0 
7f9dbc918000-7f9dbc919000 ---p 00000000 00:00 0 
7f9dbc919000-7f9dbca1a000 rw-p 00000000 00:00 0 
7f9dbca1a000-7f9dbca1e000 ---p 00000000 00:00 0 
7f9dbca1e000-7f9dbcb1a000 rw-p 00000000 00:00 0 
7f9dbcb1a000-7f9dbcb1e000 ---p 00000000 00:00 0 
7f9dbcb1e000-7f9dbcc1a000 rw-p 00000000 00:00 0 
7f9dbcc1a000-7f9dbcc1e000 ---p 00000000 00:00 0 
7f9dbcc1e000-7f9dbcd1a000 rw-p 00000000 00:00 0 
7f9dbcd1a000-7f9dbcd1e000 ---p 00000000 00:00 0 
7f9dbcd1e000-7f9dbcf1a000 rw-p 00000000 00:00 0 
7f9dbcf1a000-7f9dbcf1e000 ---p 00000000 00:00 0 
7f9dbcf1e000-7f9dbd11a000 rw-p 00000000 00:00 0 
7f9dbd11a000-7f9dbd11e000 ---p 00000000 00:00 0 
7f9dbd11e000-7f9dbd21a000 rw-p 00000000 00:00 0 
7f9dbd21a000-7f9dbd21e000 ---p 00000000 00:00 0 
7f9dbd21e000-7f9dbd31a000 rw-p 00000000 00:00 0 
7f9dbd31a000-7f9dbd31e000 ---p 00000000 00:00 0 
7f9dbd31e000-7f9dbd41a000 rw-p 00000000 00:00 0 
7f9dbd41a000-7f9dbd700000 r--p 00000000 00:2d9 28444448                  /usr/lib/locale/locale-archive
7f9dbd700000-7f9dbd704000 ---p 00000000 00:00 0 
7f9dbd704000-7f9dbdbf0000 rw-p 00000000 00:00 0 
7f9dbdbf0000-7f9dbdeb0000 rw-p 00000000 00:00 0 
7f9dbdeb0000-7f9dbdef0000 rw-p 00000000 00:00 0 
7f9dbdef0000-7f9dbe000000 rw-p 00000000 00:00 0 
7f9dbe058000-7f9dbe05c000 ---p 00000000 00:00 0 
7f9dbe05c000-7f9dbe07a000 rw-p 00000000 00:00 0 
7f9dbe07a000-7f9dbe08f000 r-xp 00000000 00:2f6 707804666                 /nix/store/gpxl5qgg8kicmcvivwmybwjlpf7wh20l-graalvm17-ce-22.3.0/lib/libnet.so
7f9dbe08f000-7f9dbe090000 ---p 00015000 00:2f6 707804666                 /nix/store/gpxl5qgg8kicmcvivwmybwjlpf7wh20l-graalvm17-ce-22.3.0/lib/libnet.so
7f9dbe090000-7f9dbe091000 r--p 00015000 00:2f6 707804666                 /nix/store/gpxl5qgg8kicmcvivwmybwjlpf7wh20l-graalvm17-ce-22.3.0/lib/libnet.so
7f9dbe091000-7f9dbe092000 rw-p 00016000 00:2f6 707804666                 /nix/store/gpxl5qgg8kicmcvivwmybwjlpf7wh20l-graalvm17-ce-22.3.0/lib/libnet.so
7f9dbe092000-7f9dbe095000 rw-p 0001b000 00:2f6 707804666                 /nix/store/gpxl5qgg8kicmcvivwmybwjlpf7wh20l-graalvm17-ce-22.3.0/lib/libnet.so
7f9dbe095000-7f9dbe0a8000 r-xp 00000000 00:2f6 707804667                 /nix/store/gpxl5qgg8kicmcvivwmybwjlpf7wh20l-graalvm17-ce-22.3.0/lib/libnio.so
7f9dbe0a8000-7f9dbe0a9000 r--p 00012000 00:2f6 707804667                 /nix/store/gpxl5qgg8kicmcvivwmybwjlpf7wh20l-graalvm17-ce-22.3.0/lib/libnio.so
7f9dbe0a9000-7f9dbe0aa000 rw-p 00013000 00:2f6 707804667                 /nix/store/gpxl5qgg8kicmcvivwmybwjlpf7wh20l-graalvm17-ce-22.3.0/lib/libnio.so
7f9dbe0aa000-7f9dbe0af000 rw-p 00019000 00:2f6 707804667                 /nix/store/gpxl5qgg8kicmcvivwmybwjlpf7wh20l-graalvm17-ce-22.3.0/lib/libnio.so
7f9dbe0af000-7f9dbe0b3000 ---p 00000000 00:00 0 
7f9dbe0b3000-7f9dbe1af000 rw-p 00000000 00:00 0 
7f9dbe1af000-7f9dbe1b0000 ---p 00000000 00:00 0 
7f9dbe1b0000-7f9dbf4b3000 rw-p 00000000 00:00 0 
7f9dbf4b3000-7f9dbf723000 rwxp 00000000 00:00 0 
7f9dbf723000-7f9dbfa42000 ---p 00000000 00:00 0 
7f9dbfa42000-7f9dc10b2000 rwxp 00000000 00:00 0 
7f9dc10b2000-7f9dc6f7a000 ---p 00000000 00:00 0 
7f9dc6f7a000-7f9dc727a000 rwxp 00000000 00:00 0 
7f9dc727a000-7f9dce4b3000 ---p 00000000 00:00 0 
7f9dce4b3000-7f9dd8000000 r--s 00000000 00:2f6 707804677                 /nix/store/gpxl5qgg8kicmcvivwmybwjlpf7wh20l-graalvm17-ce-22.3.0/lib/modules
7f9dd8000000-7f9dd8429000 rw-p 00000000 00:00 0 
7f9dd8429000-7f9ddc000000 ---p 00000000 00:00 0 
7f9ddc008000-7f9ddc00f000 r-xp 00000000 00:2f6 707804676                 /nix/store/gpxl5qgg8kicmcvivwmybwjlpf7wh20l-graalvm17-ce-22.3.0/lib/libzip.so
7f9ddc00f000-7f9ddc010000 ---p 00007000 00:2f6 707804676                 /nix/store/gpxl5qgg8kicmcvivwmybwjlpf7wh20l-graalvm17-ce-22.3.0/lib/libzip.so
7f9ddc010000-7f9ddc011000 r--p 00007000 00:2f6 707804676                 /nix/store/gpxl5qgg8kicmcvivwmybwjlpf7wh20l-graalvm17-ce-22.3.0/lib/libzip.so
7f9ddc011000-7f9ddc012000 rw-p 00008000 00:2f6 707804676                 /nix/store/gpxl5qgg8kicmcvivwmybwjlpf7wh20l-graalvm17-ce-22.3.0/lib/libzip.so
7f9ddc012000-7f9ddc014000 rw-p 0000b000 00:2f6 707804676                 /nix/store/gpxl5qgg8kicmcvivwmybwjlpf7wh20l-graalvm17-ce-22.3.0/lib/libzip.so
7f9ddc014000-7f9ddc0e2000 r-xp 00000000 00:2f6 707802132                 /nix/store/gpxl5qgg8kicmcvivwmybwjlpf7wh20l-graalvm17-ce-22.3.0/lib/libjsvml.so
7f9ddc0e2000-7f9ddc0e3000 r--p 000cd000 00:2f6 707802132                 /nix/store/gpxl5qgg8kicmcvivwmybwjlpf7wh20l-graalvm17-ce-22.3.0/lib/libjsvml.so
7f9ddc0e3000-7f9ddc0e4000 rw-p 000ce000 00:2f6 707802132                 /nix/store/gpxl5qgg8kicmcvivwmybwjlpf7wh20l-graalvm17-ce-22.3.0/lib/libjsvml.so
7f9ddc0e4000-7f9ddc7ba000 rw-p 00000000 00:00 0 
7f9ddc7ba000-7f9ddc7bb000 ---p 00000000 00:00 0 
7f9ddc7bb000-7f9ddc95f000 rw-p 00000000 00:00 0 
7f9ddc95f000-7f9ddc9ad000 rw-p 00000000 00:00 0 
7f9ddc9ad000-7f9ddc9bc000 ---p 00000000 00:00 0 
7f9ddc9bc000-7f9ddc9c3000 rw-p 00000000 00:00 0 
7f9ddc9c3000-7f9ddcaa8000 ---p 00000000 00:00 0 
7f9ddcaa8000-7f9ddcad5000 rw-p 00000000 00:00 0 
7f9ddcad5000-7f9ddcb93000 ---p 00000000 00:00 0 
7f9ddcb93000-7f9ddcb98000 rw-p 00000000 00:00 0 
7f9ddcb98000-7f9ddcb9f000 ---p 00000000 00:00 0 
7f9ddcb9f000-7f9ddcbc3000 r-xp 00000000 00:2f6 707802124                 /nix/store/gpxl5qgg8kicmcvivwmybwjlpf7wh20l-graalvm17-ce-22.3.0/lib/libjava.so
7f9ddcbc3000-7f9ddcbc4000 ---p 00024000 00:2f6 707802124                 /nix/store/gpxl5qgg8kicmcvivwmybwjlpf7wh20l-graalvm17-ce-22.3.0/lib/libjava.so
7f9ddcbc4000-7f9ddcbc5000 r--p 00024000 00:2f6 707802124                 /nix/store/gpxl5qgg8kicmcvivwmybwjlpf7wh20l-graalvm17-ce-22.3.0/lib/libjava.so
7f9ddcbc5000-7f9ddcbc6000 rw-p 00025000 00:2f6 707802124                 /nix/store/gpxl5qgg8kicmcvivwmybwjlpf7wh20l-graalvm17-ce-22.3.0/lib/libjava.so
7f9ddcbc6000-7f9ddcbc7000 rw-p 00000000 00:00 0 
7f9ddcbc7000-7f9ddcbce000 rw-p 0002f000 00:2f6 707802124                 /nix/store/gpxl5qgg8kicmcvivwmybwjlpf7wh20l-graalvm17-ce-22.3.0/lib/libjava.so
7f9ddcbce000-7f9ddcbd6000 rw-s 00000000 00:2d6 690                       /tmp/hsperfdata_runner/6443
7f9ddcbd6000-7f9ddcbd7000 ---p 00000000 00:00 0 
7f9ddcbd7000-7f9ddcbd8000 r--p 00000000 00:00 0 
7f9ddcbd8000-7f9ddcbd9000 rwxp 00000000 00:00 0 
7f9ddcbd9000-7f9ddcbf4000 r-xp 00000000 00:2f6 707802128                 /nix/store/gpxl5qgg8kicmcvivwmybwjlpf7wh20l-graalvm17-ce-22.3.0/lib/libjimage.so
7f9ddcbf4000-7f9ddcbf5000 ---p 0001b000 00:2f6 707802128                 /nix/store/gpxl5qgg8kicmcvivwmybwjlpf7wh20l-graalvm17-ce-22.3.0/lib/libjimage.so
7f9ddcbf5000-7f9ddcbf7000 r--p 0001b000 00:2f6 707802128                 /nix/store/gpxl5qgg8kicmcvivwmybwjlpf7wh20l-graalvm17-ce-22.3.0/lib/libjimage.so
7f9ddcbf7000-7f9ddcbf8000 rw-p 0001d000 00:2f6 707802128                 /nix/store/gpxl5qgg8kicmcvivwmybwjlpf7wh20l-graalvm17-ce-22.3.0/lib/libjimage.so
7f9ddcbf8000-7f9ddcbf9000 rw-p 00024000 00:2f6 707802128                 /nix/store/gpxl5qgg8kicmcvivwmybwjlpf7wh20l-graalvm17-ce-22.3.0/lib/libjimage.so
7f9ddcbf9000-7f9ddcbfd000 ---p 00000000 00:00 0 
7f9ddcbfd000-7f9ddccf9000 rw-p 00000000 00:00 0 
7f9ddccf9000-7f9ddcd07000 r--p 00000000 00:2f6 600592023                 /nix/store/4nlgxhb09sdr51nc9hdm8az5b08vzkgx-glibc-2.35-163/lib/libm.so.6
7f9ddcd07000-7f9ddcd7a000 r-xp 0000e000 00:2f6 600592023                 /nix/store/4nlgxhb09sdr51nc9hdm8az5b08vzkgx-glibc-2.35-163/lib/libm.so.6
7f9ddcd7a000-7f9ddcdd7000 r--p 00081000 00:2f6 600592023                 /nix/store/4nlgxhb09sdr51nc9hdm8az5b08vzkgx-glibc-2.35-163/lib/libm.so.6
7f9ddcdd7000-7f9ddcdd8000 r--p 000dd000 00:2f6 600592023                 /nix/store/4nlgxhb09sdr51nc9hdm8az5b08vzkgx-glibc-2.35-163/lib/libm.so.6
7f9ddcdd8000-7f9ddcdd9000 rw-p 000de000 00:2f6 600592023                 /nix/store/4nlgxhb09sdr51nc9hdm8az5b08vzkgx-glibc-2.35-163/lib/libm.so.6
7f9ddcdd9000-7f9ddcdda000 r--p 00000000 00:2f6 600592042                 /nix/store/4nlgxhb09sdr51nc9hdm8az5b08vzkgx-glibc-2.35-163/lib/librt.so.1
7f9ddcdda000-7f9ddcddb000 r-xp 00001000 00:2f6 600592042                 /nix/store/4nlgxhb09sdr51nc9hdm8az5b08vzkgx-glibc-2.35-163/lib/librt.so.1
7f9ddcddb000-7f9ddcddc000 r--p 00002000 00:2f6 600592042                 /nix/store/4nlgxhb09sdr51nc9hdm8az5b08vzkgx-glibc-2.35-163/lib/librt.so.1
7f9ddcddc000-7f9ddcddd000 r--p 00002000 00:2f6 600592042                 /nix/store/4nlgxhb09sdr51nc9hdm8az5b08vzkgx-glibc-2.35-163/lib/librt.so.1
7f9ddcddd000-7f9ddcdde000 rw-p 00003000 00:2f6 600592042                 /nix/store/4nlgxhb09sdr51nc9hdm8az5b08vzkgx-glibc-2.35-163/lib/librt.so.1
7f9ddcdde000-7f9dddef1000 r-xp 00000000 00:2f6 707972962                 /nix/store/gpxl5qgg8kicmcvivwmybwjlpf7wh20l-graalvm17-ce-22.3.0/lib/server/libjvm.so
7f9dddef1000-7f9dddef2000 ---p 01113000 00:2f6 707972962                 /nix/store/gpxl5qgg8kicmcvivwmybwjlpf7wh20l-graalvm17-ce-22.3.0/lib/server/libjvm.so
7f9dddef2000-7f9dddfa7000 r--p 01113000 00:2f6 707972962                 /nix/store/gpxl5qgg8kicmcvivwmybwjlpf7wh20l-graalvm17-ce-22.3.0/lib/server/libjvm.so
7f9dddfa7000-7f9dddfdb000 rw-p 011c8000 00:2f6 707972962                 /nix/store/gpxl5qgg8kicmcvivwmybwjlpf7wh20l-graalvm17-ce-22.3.0/lib/server/libjvm.so
7f9dddfdb000-7f9dde037000 rw-p 00000000 00:00 0 
7f9dde037000-7f9dde05f000 r--p 00000000 00:2f6 600592014                 /nix/store/4nlgxhb09sdr51nc9hdm8az5b08vzkgx-glibc-2.35-163/lib/libc.so.6
7f9dde05f000-7f9dde1d5000 r-xp 00028000 00:2f6 600592014                 /nix/store/4nlgxhb09sdr51nc9hdm8az5b08vzkgx-glibc-2.35-163/lib/libc.so.6
7f9dde1d5000-7f9dde22d000 r--p 0019e000 00:2f6 600592014                 /nix/store/4nlgxhb09sdr51nc9hdm8az5b08vzkgx-glibc-2.35-163/lib/libc.so.6
7f9dde22d000-7f9dde231000 r--p 001f6000 00:2f6 600592014                 /nix/store/4nlgxhb09sdr51nc9hdm8az5b08vzkgx-glibc-2.35-163/lib/libc.so.6
7f9dde231000-7f9dde233000 rw-p 001fa000 00:2f6 600592014                 /nix/store/4nlgxhb09sdr51nc9hdm8az5b08vzkgx-glibc-2.35-163/lib/libc.so.6
7f9dde233000-7f9dde242000 rw-p 00000000 00:00 0 
7f9dde242000-7f9dde243000 r--p 00000000 00:2f6 600592019                 /nix/store/4nlgxhb09sdr51nc9hdm8az5b08vzkgx-glibc-2.35-163/lib/libdl.so.2
7f9dde243000-7f9dde244000 r-xp 00001000 00:2f6 600592019                 /nix/store/4nlgxhb09sdr51nc9hdm8az5b08vzkgx-glibc-2.35-163/lib/libdl.so.2
7f9dde244000-7f9dde245000 r--p 00002000 00:2f6 600592019                 /nix/store/4nlgxhb09sdr51nc9hdm8az5b08vzkgx-glibc-2.35-163/lib/libdl.so.2
7f9dde245000-7f9dde246000 r--p 00002000 00:2f6 600592019                 /nix/store/4nlgxhb09sdr51nc9hdm8az5b08vzkgx-glibc-2.35-163/lib/libdl.so.2
7f9dde246000-7f9dde247000 rw-p 00003000 00:2f6 600592019                 /nix/store/4nlgxhb09sdr51nc9hdm8az5b08vzkgx-glibc-2.35-163/lib/libdl.so.2
7f9dde247000-7f9dde248000 r--p 00000000 00:2f6 600592038                 /nix/store/4nlgxhb09sdr51nc9hdm8az5b08vzkgx-glibc-2.35-163/lib/libpthread.so.0
7f9dde248000-7f9dde249000 r-xp 00001000 00:2f6 600592038                 /nix/store/4nlgxhb09sdr51nc9hdm8az5b08vzkgx-glibc-2.35-163/lib/libpthread.so.0
7f9dde249000-7f9dde24a000 r--p 00002000 00:2f6 600592038                 /nix/store/4nlgxhb09sdr51nc9hdm8az5b08vzkgx-glibc-2.35-163/lib/libpthread.so.0
7f9dde24a000-7f9dde24b000 r--p 00002000 00:2f6 600592038                 /nix/store/4nlgxhb09sdr51nc9hdm8az5b08vzkgx-glibc-2.35-163/lib/libpthread.so.0
7f9dde24b000-7f9dde24c000 rw-p 00003000 00:2f6 600592038                 /nix/store/4nlgxhb09sdr51nc9hdm8az5b08vzkgx-glibc-2.35-163/lib/libpthread.so.0
7f9dde24c000-7f9dde25a000 r-xp 00000000 00:2f6 707802129                 /nix/store/gpxl5qgg8kicmcvivwmybwjlpf7wh20l-graalvm17-ce-22.3.0/lib/libjli.so
7f9dde25a000-7f9dde25b000 ---p 0000e000 00:2f6 707802129                 /nix/store/gpxl5qgg8kicmcvivwmybwjlpf7wh20l-graalvm17-ce-22.3.0/lib/libjli.so
7f9dde25b000-7f9dde25c000 r--p 0000e000 00:2f6 707802129                 /nix/store/gpxl5qgg8kicmcvivwmybwjlpf7wh20l-graalvm17-ce-22.3.0/lib/libjli.so
7f9dde25c000-7f9dde25d000 rw-p 0000f000 00:2f6 707802129                 /nix/store/gpxl5qgg8kicmcvivwmybwjlpf7wh20l-graalvm17-ce-22.3.0/lib/libjli.so
7f9dde25d000-7f9dde25e000 rw-p 00012000 00:2f6 707802129                 /nix/store/gpxl5qgg8kicmcvivwmybwjlpf7wh20l-graalvm17-ce-22.3.0/lib/libjli.so
7f9dde25e000-7f9dde261000 r--p 00000000 00:2f6 678822167                 /nix/store/026hln0aq1hyshaxsdvhg0kmcm6yf45r-zlib-1.2.13/lib/libz.so.1.2.13
7f9dde261000-7f9dde273000 r-xp 00003000 00:2f6 678822167                 /nix/store/026hln0aq1hyshaxsdvhg0kmcm6yf45r-zlib-1.2.13/lib/libz.so.1.2.13
7f9dde273000-7f9dde27a000 r--p 00015000 00:2f6 678822167                 /nix/store/026hln0aq1hyshaxsdvhg0kmcm6yf45r-zlib-1.2.13/lib/libz.so.1.2.13
7f9dde27a000-7f9dde27b000 r--p 0001b000 00:2f6 678822167                 /nix/store/026hln0aq1hyshaxsdvhg0kmcm6yf45r-zlib-1.2.13/lib/libz.so.1.2.13
7f9dde27b000-7f9dde27c000 rw-p 0001c000 00:2f6 678822167                 /nix/store/026hln0aq1hyshaxsdvhg0kmcm6yf45r-zlib-1.2.13/lib/libz.so.1.2.13
7f9dde27c000-7f9dde27e000 rw-p 00000000 00:00 0 
7f9dde27e000-7f9dde280000 r--p 00000000 00:2f6 600592008                 /nix/store/4nlgxhb09sdr51nc9hdm8az5b08vzkgx-glibc-2.35-163/lib/ld-linux-x86-64.so.2
7f9dde280000-7f9dde2a7000 r-xp 00002000 00:2f6 600592008                 /nix/store/4nlgxhb09sdr51nc9hdm8az5b08vzkgx-glibc-2.35-163/lib/ld-linux-x86-64.so.2
7f9dde2a7000-7f9dde2b3000 r--p 00029000 00:2f6 600592008                 /nix/store/4nlgxhb09sdr51nc9hdm8az5b08vzkgx-glibc-2.35-163/lib/ld-linux-x86-64.so.2
7f9dde2b3000-7f9dde2b5000 r--p 00034000 00:2f6 600592008                 /nix/store/4nlgxhb09sdr51nc9hdm8az5b08vzkgx-glibc-2.35-163/lib/ld-linux-x86-64.so.2
7f9dde2b5000-7f9dde2b7000 rw-p 00036000 00:2f6 600592008                 /nix/store/4nlgxhb09sdr51nc9hdm8az5b08vzkgx-glibc-2.35-163/lib/ld-linux-x86-64.so.2
7ffcd1f2b000-7ffcd1f4f000 rw-p 00000000 00:00 0                          [stack]
7ffcd1fdc000-7ffcd1fe0000 r--p 00000000 00:00 0                          [vvar]
7ffcd1fe0000-7ffcd1fe2000 r-xp 00000000 00:00 0                          [vdso]
ffffffffff600000-ffffffffff601000 --xp 00000000 00:00 0                  [vsyscall]


VM Arguments:
jvm_args: -XX:ThreadPriorityPolicy=1 -XX:+UnlockExperimentalVMOptions -XX:+EnableJVMCIProduct -XX:JVMCIThreadsPerNativeLibraryRuntime=1 -XX:-UnlockExperimentalVMOptions -Declipse.application=org.eclipse.jdt.ls.core.id1 -Dosgi.bundles.defaultStartLevel=4 -Declipse.product=org.eclipse.jdt.ls.core.product -Dlog.level=ALL -Xverify:none -XX:+UseParallelGC -XX:GCTimeRatio=4 -XX:AdaptiveSizePolicyWeight=90 -Dsun.zip.disableMemoryMapping=true -Xmx512m -Xms100m 
java_command: /nix/store/a7s9klvriqi68xz3qjc0qyfl5h86xc16-jdt-language-server-1.9.0/share/java/plugins/org.eclipse.equinox.launcher_1.6.400.v20210924-0641.jar --add-modules=ALL-SYSTEM --add-opens java.base/java.util=ALL-UNNAMED --add-opens java.base/java.lang=ALL-UNNAMED -configuration /home/runner/.cache/jdt-language-server/config -data /home/runner/.cache/jdt-language-server/data/home/runner/Nesne-dersi
java_class_path (initial): /nix/store/a7s9klvriqi68xz3qjc0qyfl5h86xc16-jdt-language-server-1.9.0/share/java/plugins/org.eclipse.equinox.launcher_1.6.400.v20210924-0641.jar
Launcher Type: SUN_STANDARD

[Global flags]
    uintx AdaptiveSizePolicyWeight                 = 90                                        {product} {command line}
     intx CICompilerCount                          = 2                                         {product} {ergonomic}
     bool EnableJVMCIProduct                       = true                                {JVMCI product} {jimage}
    uintx GCTimeRatio                              = 4                                         {product} {command line}
   size_t InitialHeapSize                          = 104857600                                 {product} {command line}
     uint JVMCIThreadsPerNativeLibraryRuntime      = 1                                   {JVMCI product} {jimage}
   size_t MaxHeapSize                              = 536870912                                 {product} {command line}
   size_t MaxNewSize                               = 178782208                                 {product} {ergonomic}
   size_t MinHeapDeltaBytes                        = 524288                                    {product} {ergonomic}
   size_t MinHeapSize                              = 104857600                                 {product} {command line}
   size_t NewSize                                  = 34603008                                  {product} {ergonomic}
    uintx NonNMethodCodeHeapSize                   = 5826188                                {pd product} {ergonomic}
    uintx NonProfiledCodeHeapSize                  = 122916026                              {pd product} {ergonomic}
   size_t OldSize                                  = 70254592                                  {product} {ergonomic}
    uintx ProfiledCodeHeapSize                     = 122916026                              {pd product} {ergonomic}
    uintx ReservedCodeCacheSize                    = 251658240                              {pd product} {ergonomic}
     bool SegmentedCodeCache                       = true                                      {product} {ergonomic}
   size_t SoftMaxHeapSize                          = 536870912                              {manageable} {ergonomic}
     intx ThreadPriorityPolicy                     = 1                                         {product} {jimage}
     bool UseCompressedClassPointers               = true                           {product lp64_product} {ergonomic}
     bool UseCompressedOops                        = true                           {product lp64_product} {ergonomic}
     bool UseParallelGC                            = true                                      {product} {command line}

Logging:
Log output configuration:
 #0: stdout all=warning uptime,level,tags
 #1: stderr all=off uptime,level,tags

Environment Variables:
JAVA_HOME=/nix/store/gpxl5qgg8kicmcvivwmybwjlpf7wh20l-graalvm17-ce-22.3.0
PATH=/nix/store/1d6ian3r8kdzspw8hacjhl3xkp40g1lj-binutils-wrapper-2.39/bin:/nix/store/dq0xwmsk1g0i2ayg6pb7y87na2knzylh-gcc-wrapper-11.3.0/bin:/nix/store/bap4d0lpcrhpwmpb8ayjcgkmvfj62lnq-bash-interactive-5.1-p16/bin:/nix/store/pr5n59mb4jzmfx6kanwxly0l07p861fg-patchelf-0.15.0/bin:/nix/store/1gf2flfqnpqbr1b4p4qz2f72y42bs56r-gcc-11.3.0/bin:/nix/store/57xv61c5zi8pphjbcwxxjlgc34p61ic9-glibc-2.35-163-bin/bin:/nix/store/a7gvj343m05j2s32xcnwr35v31ynlypr-coreutils-9.1/bin:/nix/store/039g378vc3pc3dvi9dzdlrd0i4q93qwf-binutils-2.39/bin:/nix/store/gpxl5qgg8kicmcvivwmybwjlpf7wh20l-graalvm17-ce-22.3.0/bin:/nix/store/6z9ag3ihc8mq2hzsw48lhbznvzny65nz-apache-maven-3.8.6/bin:/nix/store/a7s9klvriqi68xz3qjc0qyfl5h86xc16-jdt-language-server-1.9.0/bin:/nix/store/48ifl2w60a3zp7yskbpnvn8jp9jdsb7k-java-debug/bin:/nix/store/mydc6f4k2z73xlcz7ilif3v2lcaiqvza-findutils-4.9.0/bin:/nix/store/j9p3g8472iijd50vhdprx0nmk2fqn5gv-diffutils-3.8/bin:/nix/store/89zs7rms6x00xfq4dq6m7mjnhkr8a6r4-gnused-4.8/bin:/nix/store/86bp03jkmsl6f92w0yzg4s59g5mhxwmy-gnugrep-3.7/bin:/nix/store/hwcdqw4jrjnd37wxqgsd47hd0j8bnj09-gawk-5.1.1/bin:/nix/store/cfbhw8r8ags41vwqaz47r583d0p4h4a1-gnutar-1.34/bin:/nix/store/p3m1ndl1lapwrlh698bnb5lvvxh67378-gzip-1.12/bin:/nix/store/a8mhcagrsly7c7mpjrpsnaahk4aax056-bzip2-1.0.8-bin/bin:/nix/store/mblgz65m3zv9x548a3d5m96fj2pbwr09-gnumake-4.3/bin:/nix/store/dsd5gz46hdbdk2rfdimqddhq6m8m8fqs-bash-5.1-p16/bin:/nix/store/v7ljksji50mg3w61dykaa3n3y79n6nil-patch-2.7.6/bin:/nix/store/zlcnmqq14jz5x9439jf937mvayyl63da-xz-5.2.7-bin/bin:/nix/store/y6aj732zm9m87c82fpvf103a1xb22blp-file-5.43/bin:/nix/store/v9py4f18ka9m81fl2nrgwim187awj8wb-nix-2.18.0pre20230808_c0e6466/bin:/nix/store/i4kzir3m7mrisxmf5xvlnkw01x4qaqr4-prybar-elisp-0.0.0-e0d9a52/bin:/nix/store/lwwivxf6h7x3cvxp9zv8sj0mv7dak99r-prybar-lua-0.0.0-e0d9a52/bin:/nix/store/gxj28g1cg4hq3qanmjv07156h800qr58-prybar-python3-0.0.0-e0d9a52/bin:/nix/store/hshkjnxrgidigf8x75vg6lqng2xlx9i3-prybar-sqlite-0.0.0-e0d9a52/bin:/nix/store/c4w01bpjgyy5ixmwdk8m1pw87zq4sl
LD_LIBRARY_PATH=/nix/store/a4pff549sk2idnkpzk5nsfps3mdkdnvm-cups-2.4.2-lib/lib:/nix/store/72mqxxhh3cy5yifh92wh2yb8cl2hikyy-cairo-1.16.0/lib:/nix/store/2k366jrbsra97gjfxwvrhvixjfxdach5-glib-2.74.1/lib:/nix/store/2j2znigd8ak37rlwh9khz0ry3clqlw1l-gtk+3-3.24.34/lib:/nix/store/hisqvx32cd57apbpcsnkpx6k3549wql1-libglvnd-1.4.0/lib:/nix/store/p36pgcv991mq5srvg765b78yqpxvk3qs-mesa-21.3.3-drivers/lib:/nix/store/mav4251if1ahjq5vkpwycyyvnmy459c4-pulseaudio-14.2/lib
DISPLAY=:0
LANG=en_US.UTF-8

Signal Handlers:
   SIGSEGV: crash_handler in libjvm.so, mask=11100100010111111101111111111110, flags=SA_RESTART|SA_SIGINFO
    SIGBUS: crash_handler in libjvm.so, mask=11100100010111111101111111111110, flags=SA_RESTART|SA_SIGINFO
    SIGFPE: crash_handler in libjvm.so, mask=11100100010111111101111111111110, flags=SA_RESTART|SA_SIGINFO
   SIGPIPE: IsolateEnterStub_IgnoreSIGPIPEStartupHook_noopSignalHandler_8f19bff2f35b5f630d83b364d6b2339320d4ec70_216e8361c6bc87a8f89f58cc10d3b2fd4415bf87 in libjvmcicompiler.so, mask=00000000000000000000000000000000, flags=SA_RESTART
  *** Handler was modified!
  *** Expected: javaSignalHandler in libjvm.so, mask=11100100110111111111111111111110, flags=SA_RESTART|SA_SIGINFO
   SIGXFSZ: javaSignalHandler in libjvm.so, mask=11100100010111111101111111111110, flags=SA_RESTART|SA_SIGINFO
    SIGILL: crash_handler in libjvm.so, mask=11100100010111111101111111111110, flags=SA_RESTART|SA_SIGINFO
   SIGUSR2: SR_handler in libjvm.so, mask=00000000000000000000000000000000, flags=SA_RESTART|SA_SIGINFO
    SIGHUP: UserHandler in libjvm.so, mask=11100100010111111101111111111110, flags=SA_RESTART|SA_SIGINFO
    SIGINT: UserHandler in libjvm.so, mask=11100100010111111101111111111110, flags=SA_RESTART|SA_SIGINFO
   SIGTERM: UserHandler in libjvm.so, mask=11100100010111111101111111111110, flags=SA_RESTART|SA_SIGINFO
   SIGQUIT: UserHandler in libjvm.so, mask=11100100010111111101111111111110, flags=SA_RESTART|SA_SIGINFO
  *** Handler was modified!
  *** Expected: javaSignalHandler in libjvm.so, mask=11100100110111111111111111111110, flags=SA_RESTART|SA_SIGINFO
   SIGTRAP: crash_handler in libjvm.so, mask=11100100010111111101111111111110, flags=SA_RESTART|SA_SIGINFO


---------------  S Y S T E M  ---------------

OS:
DISTRIB_ID=Ubuntu
DISTRIB_RELEASE=20.04
DISTRIB_CODENAME=focal
DISTRIB_DESCRIPTION="Ubuntu 20.04.2 LTS"
uname: Linux 6.2.0-1017-gcp #19~22.04.1-Ubuntu SMP Fri Oct 13 15:33:25 UTC 2023 x86_64
OS uptime: 0 days 11:35 hours
libc: glibc 2.35 NPTL 2.35 
rlimit (soft/hard): STACK 8192k/infinity , CORE infinity/infinity , NPROC infinity/infinity , NOFILE 5242/5242 , AS infinity/infinity , CPU infinity/infinity , DATA infinity/infinity , FSIZE infinity/infinity , MEMLOCK 8192k/8192k
load average: 4.26 5.80 6.41

/proc/meminfo:
MemTotal:       32855992 kB
MemFree:        20404788 kB
MemAvailable:   25288560 kB
Buffers:          946264 kB
Cached:          3818252 kB
SwapCached:            0 kB
Active:          2991420 kB
Inactive:        8252692 kB
Active(anon):       4560 kB
Inactive(anon):  6459320 kB
Active(file):    2986860 kB
Inactive(file):  1793372 kB
Unevictable:       28384 kB
Mlocked:           28384 kB
SwapTotal:             0 kB
SwapFree:              0 kB
Zswap:                 0 kB
Zswapped:              0 kB
Dirty:              1572 kB
Writeback:             0 kB
AnonPages:       6315740 kB
Mapped:           841252 kB
Shmem:              9480 kB
KReclaimable:     569232 kB
Slab:             843928 kB
SReclaimable:     569232 kB
SUnreclaim:       274696 kB
KernelStack:       56992 kB
PageTables:        87280 kB
SecPageTables:         0 kB
NFS_Unstable:          0 kB
Bounce:                0 kB
WritebackTmp:          0 kB
CommitLimit:    16427996 kB
Committed_AS:   20814032 kB
VmallocTotal:   34359738367 kB
VmallocUsed:       75964 kB
VmallocChunk:          0 kB
Percpu:             9776 kB
HardwareCorrupted:     0 kB
AnonHugePages:   1396736 kB
ShmemHugePages:        0 kB
ShmemPmdMapped:        0 kB
FileHugePages:         0 kB
FilePmdMapped:         0 kB
HugePages_Total:       0
HugePages_Free:        0
HugePages_Rsvd:        0
HugePages_Surp:        0
Hugepagesize:       2048 kB
Hugetlb:               0 kB
DirectMap4k:      193336 kB
DirectMap2M:     9240576 kB
DirectMap1G:    26214400 kB

/sys/kernel/mm/transparent_hugepage/enabled: always [madvise] never
/sys/kernel/mm/transparent_hugepage/defrag (defrag/compaction efforts parameter): always defer defer+madvise [madvise] never

Process Memory:
Virtual Size: 3873052K (peak: 3926016K)
Resident Set Size: 810032K (peak: 841252K) (anon: 613480K, file: 196552K, shmem: 0K)
Swapped out: 0K
C-Heap outstanding allocations: 40605K, retained: 13930K
glibc malloc tunables: (default)

/proc/sys/kernel/threads-max (system-wide limit on the number of threads): 256622
/proc/sys/vm/max_map_count (maximum number of memory map areas a process may have): 65530
/proc/sys/kernel/pid_max (system-wide limit on number of process identifiers): 4194304

container (cgroup) information:
container_type: cgroupv2
cpu_cpuset_cpus: not supported
cpu_memory_nodes: not supported
active_processor_count: 1
cpu_quota: 50000
cpu_period: 100000
cpu_shares: no shares
memory_limit_in_bytes: 1048576 k
memory_and_swap_limit_in_bytes: unlimited
memory_soft_limit_in_bytes: 524288 k
memory_usage_in_bytes: 875024 k
memory_max_usage_in_bytes: not supported
maximum number of tasks: not supported
current number of tasks: not supported

KVM virtualization detected
Steal ticks since vm start: 439
Steal ticks percentage since vm start:  0.003

CPU: total 4 (initial active 1) (2 cores per cpu, 2 threads per core) family 6 model 79 stepping 0 microcode 0xffffffff, cx8, cmov, fxsr, ht, mmx, 3dnowpref, sse, sse2, sse3, ssse3, sse4.1, sse4.2, popcnt, lzcnt, tsc, tscinvbit, avx, avx2, aes, erms, clmul, bmi1, bmi2, rtm, adx, fma, vzeroupper, clflush, hv
CPU Model and flags from /proc/cpuinfo:
model name	: Intel(R) Xeon(R) CPU @ 2.20GHz
flags		: fpu vme de pse tsc msr pae mce cx8 apic sep mtrr pge mca cmov pat pse36 clflush mmx fxsr sse sse2 ss ht syscall nx pdpe1gb rdtscp lm constant_tsc rep_good nopl xtopology nonstop_tsc cpuid tsc_known_freq pni pclmulqdq ssse3 fma cx16 pcid sse4_1 sse4_2 x2apic movbe popcnt aes xsave avx f16c rdrand hypervisor lahf_lm abm 3dnowprefetch invpcid_single pti ssbd ibrs ibpb stibp fsgsbase tsc_adjust bmi1 hle avx2 smep bmi2 erms invpcid rtm rdseed adx smap xsaveopt arat md_clear arch_capabilities

Online cpus: 0-3
Offline cpus: 
BIOS frequency limitation: <Not Available>
Frequency switch latency (ns): <Not Available>
Available cpu frequencies: <Not Available>
Current governor: <Not Available>
Core performance/turbo boost: <Not Available>

Memory: 4k page, physical 1048576k(173552k free), swap 0k(0k free)
Page Sizes: 4k

vm_info: OpenJDK 64-Bit Server VM (17.0.5+8-jvmci-22.3-b08) for linux-amd64 JRE (17.0.5+8-jvmci-22.3-b08), built on Oct 19 2022 09:01:27 by "buildslave" with gcc 10.3.0

END.
